
*** Running vivado
    with args -log design_ps_pl_wrapper.vdi -applog -m64 -product Vivado -messageDb vivado.pb -mode batch -source design_ps_pl_wrapper.tcl -notrace


****** Vivado v2019.1.3 (64-bit)
  **** SW Build 2644227 on Wed Sep  4 09:44:18 MDT 2019
  **** IP Build 2633630 on Wed Sep  4 12:30:14 MDT 2019
    ** Copyright 1986-2019 Xilinx, Inc. All Rights Reserved.

source design_ps_pl_wrapper.tcl -notrace
INFO: [IP_Flow 19-234] Refreshing IP repositories
INFO: [IP_Flow 19-1704] No user IP repositories specified
INFO: [IP_Flow 19-2313] Loaded Vivado IP repository '/home/mal/Xilinx/Vivado/2019.1/data/ip'.
add_files: Time (s): cpu = 00:00:08 ; elapsed = 00:00:08 . Memory (MB): peak = 1418.543 ; gain = 16.016 ; free physical = 602 ; free virtual = 1897
Command: link_design -top design_ps_pl_wrapper -part xc7z020clg400-1
Design is defaulting to srcset: sources_1
Design is defaulting to constrset: constrs_1
INFO: [Device 21-403] Loading part xc7z020clg400-1
INFO: [Project 1-454] Reading design checkpoint '/home/mal/Workspace/Vivado/project_final/project_final.srcs/sources_1/bd/design_ps_pl/ip/design_ps_pl_PL_0_0/design_ps_pl_PL_0_0.dcp' for cell 'design_ps_pl_i/PL_BRAM_read'
INFO: [Project 1-454] Reading design checkpoint '/home/mal/Workspace/Vivado/project_final/project_final.srcs/sources_1/bd/design_ps_pl/ip/design_ps_pl_count_bin_0_0/design_ps_pl_count_bin_0_0.dcp' for cell 'design_ps_pl_i/count_bin_0'
INFO: [Project 1-454] Reading design checkpoint '/home/mal/Workspace/Vivado/project_final/project_final.srcs/sources_1/bd/design_ps_pl/ip/design_ps_pl_pwm_14bit_0_0/design_ps_pl_pwm_14bit_0_0.dcp' for cell 'design_ps_pl_i/pwm_14bit_0'
INFO: [Project 1-454] Reading design checkpoint '/home/mal/Workspace/Vivado/project_final/project_final.srcs/sources_1/bd/design_ps_pl/ip/design_ps_pl_xadc_wiz_0_0/design_ps_pl_xadc_wiz_0_0.dcp' for cell 'design_ps_pl_i/xadc_wiz_0'
INFO: [Project 1-454] Reading design checkpoint '/home/mal/Workspace/Vivado/project_final/project_final.srcs/sources_1/bd/design_ps_pl/ip/design_ps_pl_axi_bram_ctrl_0_0/design_ps_pl_axi_bram_ctrl_0_0.dcp' for cell 'design_ps_pl_i/PS_BRAM/axi_bram_ctrl_0'
INFO: [Project 1-454] Reading design checkpoint '/home/mal/Workspace/Vivado/project_final/project_final.srcs/sources_1/bd/design_ps_pl/ip/design_ps_pl_axi_smc_0/design_ps_pl_axi_smc_0.dcp' for cell 'design_ps_pl_i/PS_BRAM/axi_smc'
INFO: [Project 1-454] Reading design checkpoint '/home/mal/Workspace/Vivado/project_final/project_final.srcs/sources_1/bd/design_ps_pl/ip/design_ps_pl_blk_mem_gen_0_0/design_ps_pl_blk_mem_gen_0_0.dcp' for cell 'design_ps_pl_i/PS_BRAM/blk_mem_gen_0'
INFO: [Project 1-454] Reading design checkpoint '/home/mal/Workspace/Vivado/project_final/project_final.srcs/sources_1/bd/design_ps_pl/ip/design_ps_pl_processing_system7_0_0/design_ps_pl_processing_system7_0_0.dcp' for cell 'design_ps_pl_i/PS_BRAM/processing_system7_0'
INFO: [Project 1-454] Reading design checkpoint '/home/mal/Workspace/Vivado/project_final/project_final.srcs/sources_1/bd/design_ps_pl/ip/design_ps_pl_rst_ps7_0_100M_0/design_ps_pl_rst_ps7_0_100M_0.dcp' for cell 'design_ps_pl_i/PS_BRAM/rst_ps7_0_100M'
INFO: [Netlist 29-17] Analyzing 313 Unisim elements for replacement
INFO: [Netlist 29-28] Unisim Transformation completed in 0 CPU seconds
INFO: [Project 1-479] Netlist was created with Vivado 2019.1.1
INFO: [Project 1-570] Preparing netlist for logic optimization
Parsing XDC File [/home/mal/Workspace/Vivado/project_final/project_final.srcs/sources_1/bd/design_ps_pl/ip/design_ps_pl_axi_smc_0/bd_0/ip/ip_1/bd_de28_psr_aclk_0_board.xdc] for cell 'design_ps_pl_i/PS_BRAM/axi_smc/inst/clk_map/psr_aclk/U0'
Finished Parsing XDC File [/home/mal/Workspace/Vivado/project_final/project_final.srcs/sources_1/bd/design_ps_pl/ip/design_ps_pl_axi_smc_0/bd_0/ip/ip_1/bd_de28_psr_aclk_0_board.xdc] for cell 'design_ps_pl_i/PS_BRAM/axi_smc/inst/clk_map/psr_aclk/U0'
Parsing XDC File [/home/mal/Workspace/Vivado/project_final/project_final.srcs/sources_1/bd/design_ps_pl/ip/design_ps_pl_axi_smc_0/bd_0/ip/ip_1/bd_de28_psr_aclk_0.xdc] for cell 'design_ps_pl_i/PS_BRAM/axi_smc/inst/clk_map/psr_aclk/U0'
Finished Parsing XDC File [/home/mal/Workspace/Vivado/project_final/project_final.srcs/sources_1/bd/design_ps_pl/ip/design_ps_pl_axi_smc_0/bd_0/ip/ip_1/bd_de28_psr_aclk_0.xdc] for cell 'design_ps_pl_i/PS_BRAM/axi_smc/inst/clk_map/psr_aclk/U0'
Parsing XDC File [/home/mal/Workspace/Vivado/project_final/project_final.srcs/sources_1/bd/design_ps_pl/ip/design_ps_pl_processing_system7_0_0/design_ps_pl_processing_system7_0_0.xdc] for cell 'design_ps_pl_i/PS_BRAM/processing_system7_0/inst'
Finished Parsing XDC File [/home/mal/Workspace/Vivado/project_final/project_final.srcs/sources_1/bd/design_ps_pl/ip/design_ps_pl_processing_system7_0_0/design_ps_pl_processing_system7_0_0.xdc] for cell 'design_ps_pl_i/PS_BRAM/processing_system7_0/inst'
Parsing XDC File [/home/mal/Workspace/Vivado/project_final/project_final.srcs/sources_1/bd/design_ps_pl/ip/design_ps_pl_rst_ps7_0_100M_0/design_ps_pl_rst_ps7_0_100M_0_board.xdc] for cell 'design_ps_pl_i/PS_BRAM/rst_ps7_0_100M/U0'
Finished Parsing XDC File [/home/mal/Workspace/Vivado/project_final/project_final.srcs/sources_1/bd/design_ps_pl/ip/design_ps_pl_rst_ps7_0_100M_0/design_ps_pl_rst_ps7_0_100M_0_board.xdc] for cell 'design_ps_pl_i/PS_BRAM/rst_ps7_0_100M/U0'
Parsing XDC File [/home/mal/Workspace/Vivado/project_final/project_final.srcs/sources_1/bd/design_ps_pl/ip/design_ps_pl_rst_ps7_0_100M_0/design_ps_pl_rst_ps7_0_100M_0.xdc] for cell 'design_ps_pl_i/PS_BRAM/rst_ps7_0_100M/U0'
Finished Parsing XDC File [/home/mal/Workspace/Vivado/project_final/project_final.srcs/sources_1/bd/design_ps_pl/ip/design_ps_pl_rst_ps7_0_100M_0/design_ps_pl_rst_ps7_0_100M_0.xdc] for cell 'design_ps_pl_i/PS_BRAM/rst_ps7_0_100M/U0'
Parsing XDC File [/home/mal/Workspace/Vivado/project_final/project_final.srcs/sources_1/bd/design_ps_pl/ip/design_ps_pl_xadc_wiz_0_0/design_ps_pl_xadc_wiz_0_0.xdc] for cell 'design_ps_pl_i/xadc_wiz_0/U0'
Finished Parsing XDC File [/home/mal/Workspace/Vivado/project_final/project_final.srcs/sources_1/bd/design_ps_pl/ip/design_ps_pl_xadc_wiz_0_0/design_ps_pl_xadc_wiz_0_0.xdc] for cell 'design_ps_pl_i/xadc_wiz_0/U0'
Parsing XDC File [/home/mal/Workspace/Vivado/project_final/project_final.srcs/constrs_1/new/const.xdc]
Finished Parsing XDC File [/home/mal/Workspace/Vivado/project_final/project_final.srcs/constrs_1/new/const.xdc]
Sourcing Tcl File [/home/mal/Xilinx/Vivado/2019.1/data/ip/xpm/xpm_memory/tcl/xpm_memory_xdc.tcl] for cell 'design_ps_pl_i/PS_BRAM/axi_smc/inst/m00_nodes/m00_ar_node/inst/inst_mi_handler/gen_normal_area.gen_node_prog_full.inst_node_prog_full/gen_xpm_memory_fifo.inst_fifo/gen_mem_rep[0].inst_xpm_memory'
Finished Sourcing Tcl File [/home/mal/Xilinx/Vivado/2019.1/data/ip/xpm/xpm_memory/tcl/xpm_memory_xdc.tcl] for cell 'design_ps_pl_i/PS_BRAM/axi_smc/inst/m00_nodes/m00_ar_node/inst/inst_mi_handler/gen_normal_area.gen_node_prog_full.inst_node_prog_full/gen_xpm_memory_fifo.inst_fifo/gen_mem_rep[0].inst_xpm_memory'
Sourcing Tcl File [/home/mal/Xilinx/Vivado/2019.1/data/ip/xpm/xpm_memory/tcl/xpm_memory_xdc.tcl] for cell 'design_ps_pl_i/PS_BRAM/axi_smc/inst/m01_nodes/m01_w_node/inst/inst_mi_handler/gen_normal_area.gen_node_prog_full.inst_node_prog_full/gen_xpm_memory_fifo.inst_fifo/gen_mem_rep[0].inst_xpm_memory'
Finished Sourcing Tcl File [/home/mal/Xilinx/Vivado/2019.1/data/ip/xpm/xpm_memory/tcl/xpm_memory_xdc.tcl] for cell 'design_ps_pl_i/PS_BRAM/axi_smc/inst/m01_nodes/m01_w_node/inst/inst_mi_handler/gen_normal_area.gen_node_prog_full.inst_node_prog_full/gen_xpm_memory_fifo.inst_fifo/gen_mem_rep[0].inst_xpm_memory'
Sourcing Tcl File [/home/mal/Xilinx/Vivado/2019.1/data/ip/xpm/xpm_memory/tcl/xpm_memory_xdc.tcl] for cell 'design_ps_pl_i/PS_BRAM/axi_smc/inst/m01_nodes/m01_aw_node/inst/inst_mi_handler/gen_normal_area.gen_node_prog_full.inst_node_prog_full/gen_xpm_memory_fifo.inst_fifo/gen_mem_rep[0].inst_xpm_memory'
Finished Sourcing Tcl File [/home/mal/Xilinx/Vivado/2019.1/data/ip/xpm/xpm_memory/tcl/xpm_memory_xdc.tcl] for cell 'design_ps_pl_i/PS_BRAM/axi_smc/inst/m01_nodes/m01_aw_node/inst/inst_mi_handler/gen_normal_area.gen_node_prog_full.inst_node_prog_full/gen_xpm_memory_fifo.inst_fifo/gen_mem_rep[0].inst_xpm_memory'
Sourcing Tcl File [/home/mal/Xilinx/Vivado/2019.1/data/ip/xpm/xpm_memory/tcl/xpm_memory_xdc.tcl] for cell 'design_ps_pl_i/PS_BRAM/axi_smc/inst/m01_nodes/m01_ar_node/inst/inst_mi_handler/gen_normal_area.gen_node_prog_full.inst_node_prog_full/gen_xpm_memory_fifo.inst_fifo/gen_mem_rep[0].inst_xpm_memory'
Finished Sourcing Tcl File [/home/mal/Xilinx/Vivado/2019.1/data/ip/xpm/xpm_memory/tcl/xpm_memory_xdc.tcl] for cell 'design_ps_pl_i/PS_BRAM/axi_smc/inst/m01_nodes/m01_ar_node/inst/inst_mi_handler/gen_normal_area.gen_node_prog_full.inst_node_prog_full/gen_xpm_memory_fifo.inst_fifo/gen_mem_rep[0].inst_xpm_memory'
Sourcing Tcl File [/home/mal/Xilinx/Vivado/2019.1/data/ip/xpm/xpm_memory/tcl/xpm_memory_xdc.tcl] for cell 'design_ps_pl_i/PS_BRAM/axi_smc/inst/m00_nodes/m00_w_node/inst/inst_mi_handler/gen_normal_area.gen_node_prog_full.inst_node_prog_full/gen_xpm_memory_fifo.inst_fifo/gen_mem_rep[0].inst_xpm_memory'
Finished Sourcing Tcl File [/home/mal/Xilinx/Vivado/2019.1/data/ip/xpm/xpm_memory/tcl/xpm_memory_xdc.tcl] for cell 'design_ps_pl_i/PS_BRAM/axi_smc/inst/m00_nodes/m00_w_node/inst/inst_mi_handler/gen_normal_area.gen_node_prog_full.inst_node_prog_full/gen_xpm_memory_fifo.inst_fifo/gen_mem_rep[0].inst_xpm_memory'
Sourcing Tcl File [/home/mal/Xilinx/Vivado/2019.1/data/ip/xpm/xpm_memory/tcl/xpm_memory_xdc.tcl] for cell 'design_ps_pl_i/PS_BRAM/axi_smc/inst/m00_nodes/m00_aw_node/inst/inst_mi_handler/gen_normal_area.gen_node_prog_full.inst_node_prog_full/gen_xpm_memory_fifo.inst_fifo/gen_mem_rep[0].inst_xpm_memory'
Finished Sourcing Tcl File [/home/mal/Xilinx/Vivado/2019.1/data/ip/xpm/xpm_memory/tcl/xpm_memory_xdc.tcl] for cell 'design_ps_pl_i/PS_BRAM/axi_smc/inst/m00_nodes/m00_aw_node/inst/inst_mi_handler/gen_normal_area.gen_node_prog_full.inst_node_prog_full/gen_xpm_memory_fifo.inst_fifo/gen_mem_rep[0].inst_xpm_memory'
Sourcing Tcl File [/home/mal/Xilinx/Vivado/2019.1/data/ip/xpm/xpm_memory/tcl/xpm_memory_xdc.tcl] for cell 'design_ps_pl_i/PS_BRAM/axi_smc/inst/s00_nodes/s00_r_node/inst/inst_mi_handler/gen_normal_area.gen_node_prog_full.inst_node_prog_full/gen_xpm_memory_fifo.inst_fifo/gen_mem_rep[0].inst_xpm_memory'
Finished Sourcing Tcl File [/home/mal/Xilinx/Vivado/2019.1/data/ip/xpm/xpm_memory/tcl/xpm_memory_xdc.tcl] for cell 'design_ps_pl_i/PS_BRAM/axi_smc/inst/s00_nodes/s00_r_node/inst/inst_mi_handler/gen_normal_area.gen_node_prog_full.inst_node_prog_full/gen_xpm_memory_fifo.inst_fifo/gen_mem_rep[0].inst_xpm_memory'
Sourcing Tcl File [/home/mal/Xilinx/Vivado/2019.1/data/ip/xpm/xpm_memory/tcl/xpm_memory_xdc.tcl] for cell 'design_ps_pl_i/PS_BRAM/axi_smc/inst/s00_nodes/s00_b_node/inst/inst_mi_handler/gen_normal_area.gen_node_prog_full.inst_node_prog_full/gen_xpm_memory_fifo.inst_fifo/gen_mem_rep[0].inst_xpm_memory'
Finished Sourcing Tcl File [/home/mal/Xilinx/Vivado/2019.1/data/ip/xpm/xpm_memory/tcl/xpm_memory_xdc.tcl] for cell 'design_ps_pl_i/PS_BRAM/axi_smc/inst/s00_nodes/s00_b_node/inst/inst_mi_handler/gen_normal_area.gen_node_prog_full.inst_node_prog_full/gen_xpm_memory_fifo.inst_fifo/gen_mem_rep[0].inst_xpm_memory'
Sourcing Tcl File [/home/mal/Xilinx/Vivado/2019.1/data/ip/xpm/xpm_memory/tcl/xpm_memory_xdc.tcl] for cell 'design_ps_pl_i/PS_BRAM/axi_smc/inst/m00_nodes/m00_ar_node/inst/inst_mi_handler/gen_normal_area.inst_fifo_node_payld/gen_xpm_memory_fifo.inst_fifo/gen_mem_rep[0].inst_xpm_memory'
Finished Sourcing Tcl File [/home/mal/Xilinx/Vivado/2019.1/data/ip/xpm/xpm_memory/tcl/xpm_memory_xdc.tcl] for cell 'design_ps_pl_i/PS_BRAM/axi_smc/inst/m00_nodes/m00_ar_node/inst/inst_mi_handler/gen_normal_area.inst_fifo_node_payld/gen_xpm_memory_fifo.inst_fifo/gen_mem_rep[0].inst_xpm_memory'
Sourcing Tcl File [/home/mal/Xilinx/Vivado/2019.1/data/ip/xpm/xpm_memory/tcl/xpm_memory_xdc.tcl] for cell 'design_ps_pl_i/PS_BRAM/axi_smc/inst/m01_nodes/m01_aw_node/inst/inst_mi_handler/gen_normal_area.inst_fifo_node_payld/gen_xpm_memory_fifo.inst_fifo/gen_mem_rep[0].inst_xpm_memory'
Finished Sourcing Tcl File [/home/mal/Xilinx/Vivado/2019.1/data/ip/xpm/xpm_memory/tcl/xpm_memory_xdc.tcl] for cell 'design_ps_pl_i/PS_BRAM/axi_smc/inst/m01_nodes/m01_aw_node/inst/inst_mi_handler/gen_normal_area.inst_fifo_node_payld/gen_xpm_memory_fifo.inst_fifo/gen_mem_rep[0].inst_xpm_memory'
Sourcing Tcl File [/home/mal/Xilinx/Vivado/2019.1/data/ip/xpm/xpm_memory/tcl/xpm_memory_xdc.tcl] for cell 'design_ps_pl_i/PS_BRAM/axi_smc/inst/m01_nodes/m01_ar_node/inst/inst_mi_handler/gen_normal_area.inst_fifo_node_payld/gen_xpm_memory_fifo.inst_fifo/gen_mem_rep[0].inst_xpm_memory'
Finished Sourcing Tcl File [/home/mal/Xilinx/Vivado/2019.1/data/ip/xpm/xpm_memory/tcl/xpm_memory_xdc.tcl] for cell 'design_ps_pl_i/PS_BRAM/axi_smc/inst/m01_nodes/m01_ar_node/inst/inst_mi_handler/gen_normal_area.inst_fifo_node_payld/gen_xpm_memory_fifo.inst_fifo/gen_mem_rep[0].inst_xpm_memory'
Sourcing Tcl File [/home/mal/Xilinx/Vivado/2019.1/data/ip/xpm/xpm_memory/tcl/xpm_memory_xdc.tcl] for cell 'design_ps_pl_i/PS_BRAM/axi_smc/inst/m00_nodes/m00_aw_node/inst/inst_mi_handler/gen_normal_area.inst_fifo_node_payld/gen_xpm_memory_fifo.inst_fifo/gen_mem_rep[0].inst_xpm_memory'
Finished Sourcing Tcl File [/home/mal/Xilinx/Vivado/2019.1/data/ip/xpm/xpm_memory/tcl/xpm_memory_xdc.tcl] for cell 'design_ps_pl_i/PS_BRAM/axi_smc/inst/m00_nodes/m00_aw_node/inst/inst_mi_handler/gen_normal_area.inst_fifo_node_payld/gen_xpm_memory_fifo.inst_fifo/gen_mem_rep[0].inst_xpm_memory'
Sourcing Tcl File [/home/mal/Xilinx/Vivado/2019.1/data/ip/xpm/xpm_memory/tcl/xpm_memory_xdc.tcl] for cell 'design_ps_pl_i/PS_BRAM/axi_smc/inst/m00_nodes/m00_b_node/inst/inst_mi_handler/gen_normal_area.gen_fifo_req.inst_fifo_req/gen_xpm_memory_fifo.inst_fifo/gen_mem_rep[0].inst_xpm_memory'
Finished Sourcing Tcl File [/home/mal/Xilinx/Vivado/2019.1/data/ip/xpm/xpm_memory/tcl/xpm_memory_xdc.tcl] for cell 'design_ps_pl_i/PS_BRAM/axi_smc/inst/m00_nodes/m00_b_node/inst/inst_mi_handler/gen_normal_area.gen_fifo_req.inst_fifo_req/gen_xpm_memory_fifo.inst_fifo/gen_mem_rep[0].inst_xpm_memory'
Sourcing Tcl File [/home/mal/Xilinx/Vivado/2019.1/data/ip/xpm/xpm_memory/tcl/xpm_memory_xdc.tcl] for cell 'design_ps_pl_i/PS_BRAM/axi_smc/inst/m01_nodes/m01_r_node/inst/inst_mi_handler/gen_normal_area.gen_fifo_req.inst_fifo_req/gen_xpm_memory_fifo.inst_fifo/gen_mem_rep[0].inst_xpm_memory'
Finished Sourcing Tcl File [/home/mal/Xilinx/Vivado/2019.1/data/ip/xpm/xpm_memory/tcl/xpm_memory_xdc.tcl] for cell 'design_ps_pl_i/PS_BRAM/axi_smc/inst/m01_nodes/m01_r_node/inst/inst_mi_handler/gen_normal_area.gen_fifo_req.inst_fifo_req/gen_xpm_memory_fifo.inst_fifo/gen_mem_rep[0].inst_xpm_memory'
Sourcing Tcl File [/home/mal/Xilinx/Vivado/2019.1/data/ip/xpm/xpm_memory/tcl/xpm_memory_xdc.tcl] for cell 'design_ps_pl_i/PS_BRAM/axi_smc/inst/m01_nodes/m01_b_node/inst/inst_mi_handler/gen_normal_area.gen_fifo_req.inst_fifo_req/gen_xpm_memory_fifo.inst_fifo/gen_mem_rep[0].inst_xpm_memory'
Finished Sourcing Tcl File [/home/mal/Xilinx/Vivado/2019.1/data/ip/xpm/xpm_memory/tcl/xpm_memory_xdc.tcl] for cell 'design_ps_pl_i/PS_BRAM/axi_smc/inst/m01_nodes/m01_b_node/inst/inst_mi_handler/gen_normal_area.gen_fifo_req.inst_fifo_req/gen_xpm_memory_fifo.inst_fifo/gen_mem_rep[0].inst_xpm_memory'
Sourcing Tcl File [/home/mal/Xilinx/Vivado/2019.1/data/ip/xpm/xpm_memory/tcl/xpm_memory_xdc.tcl] for cell 'design_ps_pl_i/PS_BRAM/axi_smc/inst/m00_nodes/m00_r_node/inst/inst_mi_handler/gen_normal_area.gen_fifo_req.inst_fifo_req/gen_xpm_memory_fifo.inst_fifo/gen_mem_rep[0].inst_xpm_memory'
Finished Sourcing Tcl File [/home/mal/Xilinx/Vivado/2019.1/data/ip/xpm/xpm_memory/tcl/xpm_memory_xdc.tcl] for cell 'design_ps_pl_i/PS_BRAM/axi_smc/inst/m00_nodes/m00_r_node/inst/inst_mi_handler/gen_normal_area.gen_fifo_req.inst_fifo_req/gen_xpm_memory_fifo.inst_fifo/gen_mem_rep[0].inst_xpm_memory'
Sourcing Tcl File [/home/mal/Xilinx/Vivado/2019.1/data/ip/xpm/xpm_memory/tcl/xpm_memory_xdc.tcl] for cell 'design_ps_pl_i/PS_BRAM/axi_smc/inst/m00_nodes/m00_b_node/inst/inst_mi_handler/gen_normal_area.inst_fifo_node_payld/gen_xpm_memory_fifo.inst_fifo/gen_mem_rep[0].inst_xpm_memory'
Finished Sourcing Tcl File [/home/mal/Xilinx/Vivado/2019.1/data/ip/xpm/xpm_memory/tcl/xpm_memory_xdc.tcl] for cell 'design_ps_pl_i/PS_BRAM/axi_smc/inst/m00_nodes/m00_b_node/inst/inst_mi_handler/gen_normal_area.inst_fifo_node_payld/gen_xpm_memory_fifo.inst_fifo/gen_mem_rep[0].inst_xpm_memory'
Sourcing Tcl File [/home/mal/Xilinx/Vivado/2019.1/data/ip/xpm/xpm_memory/tcl/xpm_memory_xdc.tcl] for cell 'design_ps_pl_i/PS_BRAM/axi_smc/inst/m01_nodes/m01_b_node/inst/inst_mi_handler/gen_normal_area.inst_fifo_node_payld/gen_xpm_memory_fifo.inst_fifo/gen_mem_rep[0].inst_xpm_memory'
Finished Sourcing Tcl File [/home/mal/Xilinx/Vivado/2019.1/data/ip/xpm/xpm_memory/tcl/xpm_memory_xdc.tcl] for cell 'design_ps_pl_i/PS_BRAM/axi_smc/inst/m01_nodes/m01_b_node/inst/inst_mi_handler/gen_normal_area.inst_fifo_node_payld/gen_xpm_memory_fifo.inst_fifo/gen_mem_rep[0].inst_xpm_memory'
Sourcing Tcl File [/home/mal/Xilinx/Vivado/2019.1/data/ip/xpm/xpm_memory/tcl/xpm_memory_xdc.tcl] for cell 'design_ps_pl_i/PS_BRAM/axi_smc/inst/m00_nodes/m00_r_node/inst/inst_mi_handler/gen_normal_area.inst_fifo_node_payld/gen_xpm_memory_fifo.inst_fifo/gen_mem_rep[0].inst_xpm_memory'
Finished Sourcing Tcl File [/home/mal/Xilinx/Vivado/2019.1/data/ip/xpm/xpm_memory/tcl/xpm_memory_xdc.tcl] for cell 'design_ps_pl_i/PS_BRAM/axi_smc/inst/m00_nodes/m00_r_node/inst/inst_mi_handler/gen_normal_area.inst_fifo_node_payld/gen_xpm_memory_fifo.inst_fifo/gen_mem_rep[0].inst_xpm_memory'
Sourcing Tcl File [/home/mal/Xilinx/Vivado/2019.1/data/ip/xpm/xpm_memory/tcl/xpm_memory_xdc.tcl] for cell 'design_ps_pl_i/PS_BRAM/axi_smc/inst/s00_nodes/s00_w_node/inst/inst_mi_handler/gen_normal_area.inst_fifo_node_payld/gen_xpm_memory_fifo.inst_fifo/gen_mem_rep[0].inst_xpm_memory'
Finished Sourcing Tcl File [/home/mal/Xilinx/Vivado/2019.1/data/ip/xpm/xpm_memory/tcl/xpm_memory_xdc.tcl] for cell 'design_ps_pl_i/PS_BRAM/axi_smc/inst/s00_nodes/s00_w_node/inst/inst_mi_handler/gen_normal_area.inst_fifo_node_payld/gen_xpm_memory_fifo.inst_fifo/gen_mem_rep[0].inst_xpm_memory'
Sourcing Tcl File [/home/mal/Xilinx/Vivado/2019.1/data/ip/xpm/xpm_memory/tcl/xpm_memory_xdc.tcl] for cell 'design_ps_pl_i/PS_BRAM/axi_smc/inst/m01_nodes/m01_r_node/inst/inst_mi_handler/gen_normal_area.inst_fifo_node_payld/gen_xpm_memory_fifo.inst_fifo/gen_mem_rep[0].inst_xpm_memory'
Finished Sourcing Tcl File [/home/mal/Xilinx/Vivado/2019.1/data/ip/xpm/xpm_memory/tcl/xpm_memory_xdc.tcl] for cell 'design_ps_pl_i/PS_BRAM/axi_smc/inst/m01_nodes/m01_r_node/inst/inst_mi_handler/gen_normal_area.inst_fifo_node_payld/gen_xpm_memory_fifo.inst_fifo/gen_mem_rep[0].inst_xpm_memory'
Sourcing Tcl File [/home/mal/Xilinx/Vivado/2019.1/data/ip/xpm/xpm_memory/tcl/xpm_memory_xdc.tcl] for cell 'design_ps_pl_i/PS_BRAM/axi_smc/inst/m00_nodes/m00_w_node/inst/inst_mi_handler/gen_normal_area.inst_fifo_node_payld/gen_xpm_memory_fifo.inst_fifo/gen_mem_rep[0].inst_xpm_memory'
Finished Sourcing Tcl File [/home/mal/Xilinx/Vivado/2019.1/data/ip/xpm/xpm_memory/tcl/xpm_memory_xdc.tcl] for cell 'design_ps_pl_i/PS_BRAM/axi_smc/inst/m00_nodes/m00_w_node/inst/inst_mi_handler/gen_normal_area.inst_fifo_node_payld/gen_xpm_memory_fifo.inst_fifo/gen_mem_rep[0].inst_xpm_memory'
Sourcing Tcl File [/home/mal/Xilinx/Vivado/2019.1/data/ip/xpm/xpm_memory/tcl/xpm_memory_xdc.tcl] for cell 'design_ps_pl_i/PS_BRAM/axi_smc/inst/s00_nodes/s00_r_node/inst/inst_mi_handler/gen_normal_area.inst_fifo_node_payld/gen_xpm_memory_fifo.inst_fifo/gen_mem_rep[0].inst_xpm_memory'
Finished Sourcing Tcl File [/home/mal/Xilinx/Vivado/2019.1/data/ip/xpm/xpm_memory/tcl/xpm_memory_xdc.tcl] for cell 'design_ps_pl_i/PS_BRAM/axi_smc/inst/s00_nodes/s00_r_node/inst/inst_mi_handler/gen_normal_area.inst_fifo_node_payld/gen_xpm_memory_fifo.inst_fifo/gen_mem_rep[0].inst_xpm_memory'
Sourcing Tcl File [/home/mal/Xilinx/Vivado/2019.1/data/ip/xpm/xpm_memory/tcl/xpm_memory_xdc.tcl] for cell 'design_ps_pl_i/PS_BRAM/axi_smc/inst/m01_nodes/m01_w_node/inst/inst_mi_handler/gen_normal_area.inst_fifo_node_payld/gen_xpm_memory_fifo.inst_fifo/gen_mem_rep[0].inst_xpm_memory'
Finished Sourcing Tcl File [/home/mal/Xilinx/Vivado/2019.1/data/ip/xpm/xpm_memory/tcl/xpm_memory_xdc.tcl] for cell 'design_ps_pl_i/PS_BRAM/axi_smc/inst/m01_nodes/m01_w_node/inst/inst_mi_handler/gen_normal_area.inst_fifo_node_payld/gen_xpm_memory_fifo.inst_fifo/gen_mem_rep[0].inst_xpm_memory'
Sourcing Tcl File [/home/mal/Xilinx/Vivado/2019.1/data/ip/xpm/xpm_memory/tcl/xpm_memory_xdc.tcl] for cell 'design_ps_pl_i/PS_BRAM/axi_smc/inst/s00_nodes/s00_ar_node/inst/inst_mi_handler/gen_normal_area.gen_fifo_req.inst_fifo_req/gen_xpm_memory_fifo.inst_fifo/gen_mem_rep[0].inst_xpm_memory'
Finished Sourcing Tcl File [/home/mal/Xilinx/Vivado/2019.1/data/ip/xpm/xpm_memory/tcl/xpm_memory_xdc.tcl] for cell 'design_ps_pl_i/PS_BRAM/axi_smc/inst/s00_nodes/s00_ar_node/inst/inst_mi_handler/gen_normal_area.gen_fifo_req.inst_fifo_req/gen_xpm_memory_fifo.inst_fifo/gen_mem_rep[0].inst_xpm_memory'
Sourcing Tcl File [/home/mal/Xilinx/Vivado/2019.1/data/ip/xpm/xpm_memory/tcl/xpm_memory_xdc.tcl] for cell 'design_ps_pl_i/PS_BRAM/axi_smc/inst/s00_nodes/s00_w_node/inst/inst_mi_handler/gen_normal_area.gen_fifo_req.inst_fifo_req/gen_xpm_memory_fifo.inst_fifo/gen_mem_rep[0].inst_xpm_memory'
Finished Sourcing Tcl File [/home/mal/Xilinx/Vivado/2019.1/data/ip/xpm/xpm_memory/tcl/xpm_memory_xdc.tcl] for cell 'design_ps_pl_i/PS_BRAM/axi_smc/inst/s00_nodes/s00_w_node/inst/inst_mi_handler/gen_normal_area.gen_fifo_req.inst_fifo_req/gen_xpm_memory_fifo.inst_fifo/gen_mem_rep[0].inst_xpm_memory'
Sourcing Tcl File [/home/mal/Xilinx/Vivado/2019.1/data/ip/xpm/xpm_memory/tcl/xpm_memory_xdc.tcl] for cell 'design_ps_pl_i/PS_BRAM/axi_smc/inst/s00_nodes/s00_aw_node/inst/inst_mi_handler/gen_normal_area.gen_fifo_req.inst_fifo_req/gen_xpm_memory_fifo.inst_fifo/gen_mem_rep[0].inst_xpm_memory'
Finished Sourcing Tcl File [/home/mal/Xilinx/Vivado/2019.1/data/ip/xpm/xpm_memory/tcl/xpm_memory_xdc.tcl] for cell 'design_ps_pl_i/PS_BRAM/axi_smc/inst/s00_nodes/s00_aw_node/inst/inst_mi_handler/gen_normal_area.gen_fifo_req.inst_fifo_req/gen_xpm_memory_fifo.inst_fifo/gen_mem_rep[0].inst_xpm_memory'
Sourcing Tcl File [/home/mal/Xilinx/Vivado/2019.1/data/ip/xpm/xpm_memory/tcl/xpm_memory_xdc.tcl] for cell 'design_ps_pl_i/PS_BRAM/axi_smc/inst/s00_nodes/s00_ar_node/inst/inst_mi_handler/gen_normal_area.inst_fifo_node_payld/gen_xpm_memory_fifo.inst_fifo/gen_mem_rep[0].inst_xpm_memory'
Finished Sourcing Tcl File [/home/mal/Xilinx/Vivado/2019.1/data/ip/xpm/xpm_memory/tcl/xpm_memory_xdc.tcl] for cell 'design_ps_pl_i/PS_BRAM/axi_smc/inst/s00_nodes/s00_ar_node/inst/inst_mi_handler/gen_normal_area.inst_fifo_node_payld/gen_xpm_memory_fifo.inst_fifo/gen_mem_rep[0].inst_xpm_memory'
Sourcing Tcl File [/home/mal/Xilinx/Vivado/2019.1/data/ip/xpm/xpm_memory/tcl/xpm_memory_xdc.tcl] for cell 'design_ps_pl_i/PS_BRAM/axi_smc/inst/s00_nodes/s00_aw_node/inst/inst_mi_handler/gen_normal_area.inst_fifo_node_payld/gen_xpm_memory_fifo.inst_fifo/gen_mem_rep[0].inst_xpm_memory'
Finished Sourcing Tcl File [/home/mal/Xilinx/Vivado/2019.1/data/ip/xpm/xpm_memory/tcl/xpm_memory_xdc.tcl] for cell 'design_ps_pl_i/PS_BRAM/axi_smc/inst/s00_nodes/s00_aw_node/inst/inst_mi_handler/gen_normal_area.inst_fifo_node_payld/gen_xpm_memory_fifo.inst_fifo/gen_mem_rep[0].inst_xpm_memory'
Sourcing Tcl File [/home/mal/Xilinx/Vivado/2019.1/data/ip/xpm/xpm_memory/tcl/xpm_memory_xdc.tcl] for cell 'design_ps_pl_i/PS_BRAM/axi_smc/inst/s00_nodes/s00_b_node/inst/inst_mi_handler/gen_normal_area.inst_fifo_node_payld/gen_xpm_memory_fifo.inst_fifo/gen_mem_rep[0].inst_xpm_memory'
Finished Sourcing Tcl File [/home/mal/Xilinx/Vivado/2019.1/data/ip/xpm/xpm_memory/tcl/xpm_memory_xdc.tcl] for cell 'design_ps_pl_i/PS_BRAM/axi_smc/inst/s00_nodes/s00_b_node/inst/inst_mi_handler/gen_normal_area.inst_fifo_node_payld/gen_xpm_memory_fifo.inst_fifo/gen_mem_rep[0].inst_xpm_memory'
INFO: [Opt 31-138] Pushed 1 inverter(s) to 4 load pin(s).
Generating merged BMM file for the design top 'design_ps_pl_wrapper'...
Netlist sorting complete. Time (s): cpu = 00:00:00.01 ; elapsed = 00:00:00.01 . Memory (MB): peak = 1788.469 ; gain = 0.000 ; free physical = 219 ; free virtual = 1504
INFO: [Project 1-111] Unisim Transformation Summary:
  A total of 260 instances were transformed.
  RAM32M => RAM32M (RAMD32, RAMD32, RAMD32, RAMD32, RAMD32, RAMD32, RAMS32, RAMS32): 252 instances
  RAM32X1D => RAM32X1D (RAMD32, RAMD32): 8 instances

19 Infos, 0 Warnings, 0 Critical Warnings and 0 Errors encountered.
link_design completed successfully
link_design: Time (s): cpu = 00:00:22 ; elapsed = 00:00:24 . Memory (MB): peak = 1788.469 ; gain = 369.926 ; free physical = 219 ; free virtual = 1504
Command: opt_design
Attempting to get a license for feature 'Implementation' and/or device 'xc7z020'
INFO: [Common 17-349] Got license for feature 'Implementation' and/or device 'xc7z020'
Running DRC as a precondition to command opt_design

Starting DRC Task
INFO: [DRC 23-27] Running DRC with 4 threads
INFO: [Project 1-461] DRC finished with 0 Errors
INFO: [Project 1-462] Please refer to the DRC report (report_drc) for more information.

Time (s): cpu = 00:00:02 ; elapsed = 00:00:02 . Memory (MB): peak = 1840.164 ; gain = 51.695 ; free physical = 185 ; free virtual = 1497

Starting Cache Timing Information Task
INFO: [Timing 38-35] Done setting XDC timing constraints.
Ending Cache Timing Information Task | Checksum: 19b2092f6

Time (s): cpu = 00:00:10 ; elapsed = 00:00:11 . Memory (MB): peak = 2278.023 ; gain = 437.859 ; free physical = 119 ; free virtual = 1091

Starting Logic Optimization Task

Phase 1 Retarget
INFO: [Opt 31-138] Pushed 22 inverter(s) to 117 load pin(s).
INFO: [Opt 31-49] Retargeted 0 cell(s).
Phase 1 Retarget | Checksum: 10bf9f9ef

Time (s): cpu = 00:00:02 ; elapsed = 00:00:01 . Memory (MB): peak = 2395.930 ; gain = 0.000 ; free physical = 125 ; free virtual = 946
INFO: [Opt 31-389] Phase Retarget created 43 cells and removed 121 cells
INFO: [Opt 31-1021] In phase Retarget, 45 netlist objects are constrained preventing optimization. Please run opt_design with -debug_log to get more detail. 

Phase 2 Constant propagation
INFO: [Opt 31-138] Pushed 1 inverter(s) to 2 load pin(s).
Phase 2 Constant propagation | Checksum: fd034249

Time (s): cpu = 00:00:02 ; elapsed = 00:00:01 . Memory (MB): peak = 2395.930 ; gain = 0.000 ; free physical = 178 ; free virtual = 945
INFO: [Opt 31-389] Phase Constant propagation created 56 cells and removed 192 cells
INFO: [Opt 31-1021] In phase Constant propagation, 60 netlist objects are constrained preventing optimization. Please run opt_design with -debug_log to get more detail. 

Phase 3 Sweep
Phase 3 Sweep | Checksum: 1176f0d01

Time (s): cpu = 00:00:05 ; elapsed = 00:00:04 . Memory (MB): peak = 2395.930 ; gain = 0.000 ; free physical = 232 ; free virtual = 1007
INFO: [Opt 31-389] Phase Sweep created 0 cells and removed 2821 cells
INFO: [Opt 31-1021] In phase Sweep, 75 netlist objects are constrained preventing optimization. Please run opt_design with -debug_log to get more detail. 

Phase 4 BUFG optimization
INFO: [Opt 31-194] Inserted BUFG sys_clk_IBUF_BUFG_inst to drive 37 load(s) on clock net sys_clk_IBUF_BUFG
INFO: [Opt 31-193] Inserted 1 BUFG(s) on clock nets
Phase 4 BUFG optimization | Checksum: 139841302

Time (s): cpu = 00:00:05 ; elapsed = 00:00:05 . Memory (MB): peak = 2395.930 ; gain = 0.000 ; free physical = 232 ; free virtual = 1007
INFO: [Opt 31-662] Phase BUFG optimization created 1 cells of which 1 are BUFGs and removed 0 cells.

Phase 5 Shift Register Optimization
INFO: [Opt 31-1064] SRL Remap converted 0 SRLs to 0 registers and converted 0 registers of register chains to 0 SRLs
Phase 5 Shift Register Optimization | Checksum: 139841302

Time (s): cpu = 00:00:05 ; elapsed = 00:00:05 . Memory (MB): peak = 2395.930 ; gain = 0.000 ; free physical = 231 ; free virtual = 1007
INFO: [Opt 31-389] Phase Shift Register Optimization created 0 cells and removed 0 cells

Phase 6 Post Processing Netlist
Phase 6 Post Processing Netlist | Checksum: 139841302

Time (s): cpu = 00:00:06 ; elapsed = 00:00:05 . Memory (MB): peak = 2395.930 ; gain = 0.000 ; free physical = 231 ; free virtual = 1007
INFO: [Opt 31-389] Phase Post Processing Netlist created 0 cells and removed 0 cells
INFO: [Opt 31-1021] In phase Post Processing Netlist, 45 netlist objects are constrained preventing optimization. Please run opt_design with -debug_log to get more detail. 
Opt_design Change Summary
=========================


-------------------------------------------------------------------------------------------------------------------------
|  Phase                        |  #Cells created  |  #Cells Removed  |  #Constrained objects preventing optimizations  |
-------------------------------------------------------------------------------------------------------------------------
|  Retarget                     |              43  |             121  |                                             45  |
|  Constant propagation         |              56  |             192  |                                             60  |
|  Sweep                        |               0  |            2821  |                                             75  |
|  BUFG optimization            |               1  |               0  |                                              0  |
|  Shift Register Optimization  |               0  |               0  |                                              0  |
|  Post Processing Netlist      |               0  |               0  |                                             45  |
-------------------------------------------------------------------------------------------------------------------------



Starting Connectivity Check Task

Time (s): cpu = 00:00:00.02 ; elapsed = 00:00:00.03 . Memory (MB): peak = 2395.930 ; gain = 0.000 ; free physical = 231 ; free virtual = 1007
Ending Logic Optimization Task | Checksum: cc15e79f

Time (s): cpu = 00:00:06 ; elapsed = 00:00:05 . Memory (MB): peak = 2395.930 ; gain = 0.000 ; free physical = 230 ; free virtual = 1007

Starting Power Optimization Task
INFO: [Pwropt 34-132] Skipping clock gating for clocks with a period < 2.00 ns.
INFO: [Pwropt 34-9] Applying IDT optimizations ...
INFO: [Pwropt 34-10] Applying ODC optimizations ...
INFO: [Timing 38-35] Done setting XDC timing constraints.
INFO: [Physopt 32-619] Estimated Timing Summary | WNS=3.143 | TNS=0.000 |
Running Vector-less Activity Propagation...

Finished Running Vector-less Activity Propagation


Starting PowerOpt Patch Enables Task
INFO: [Pwropt 34-162] WRITE_MODE attribute of 0 BRAM(s) out of a total of 2 has been updated to save power. Run report_power_opt to get a complete listing of the BRAMs updated.
INFO: [Pwropt 34-201] Structural ODC has moved 1 WE to EN ports
Number of BRAM Ports augmented: 0 newly gated: 1 Total Ports: 4
Ending PowerOpt Patch Enables Task | Checksum: c9175539

Time (s): cpu = 00:00:00.06 ; elapsed = 00:00:00.06 . Memory (MB): peak = 2599.758 ; gain = 0.000 ; free physical = 204 ; free virtual = 1012
Ending Power Optimization Task | Checksum: c9175539

Time (s): cpu = 00:00:07 ; elapsed = 00:00:04 . Memory (MB): peak = 2599.758 ; gain = 203.828 ; free physical = 212 ; free virtual = 1020

Starting Final Cleanup Task
Ending Final Cleanup Task | Checksum: c9175539

Time (s): cpu = 00:00:00 ; elapsed = 00:00:00 . Memory (MB): peak = 2599.758 ; gain = 0.000 ; free physical = 212 ; free virtual = 1020

Starting Netlist Obfuscation Task
Netlist sorting complete. Time (s): cpu = 00:00:00 ; elapsed = 00:00:00.01 . Memory (MB): peak = 2599.758 ; gain = 0.000 ; free physical = 211 ; free virtual = 1021
Ending Netlist Obfuscation Task | Checksum: e38ae6e1

Time (s): cpu = 00:00:00 ; elapsed = 00:00:00.01 . Memory (MB): peak = 2599.758 ; gain = 0.000 ; free physical = 211 ; free virtual = 1021
INFO: [Common 17-83] Releasing license: Implementation
48 Infos, 0 Warnings, 0 Critical Warnings and 0 Errors encountered.
opt_design completed successfully
opt_design: Time (s): cpu = 00:00:27 ; elapsed = 00:00:24 . Memory (MB): peak = 2599.758 ; gain = 811.289 ; free physical = 210 ; free virtual = 1021
Netlist sorting complete. Time (s): cpu = 00:00:00 ; elapsed = 00:00:00.01 . Memory (MB): peak = 2599.758 ; gain = 0.000 ; free physical = 207 ; free virtual = 1021
INFO: [Timing 38-480] Writing timing data to binary archive.
Writing placer database...
Writing XDEF routing.
Writing XDEF routing logical nets.
Writing XDEF routing special nets.
Write XDEF Complete: Time (s): cpu = 00:00:00.22 ; elapsed = 00:00:00.06 . Memory (MB): peak = 2599.758 ; gain = 0.000 ; free physical = 194 ; free virtual = 1017
INFO: [Common 17-1381] The checkpoint '/home/mal/Workspace/Vivado/project_final/project_final.runs/impl_1/design_ps_pl_wrapper_opt.dcp' has been generated.
INFO: [runtcl-4] Executing : report_drc -file design_ps_pl_wrapper_drc_opted.rpt -pb design_ps_pl_wrapper_drc_opted.pb -rpx design_ps_pl_wrapper_drc_opted.rpx
Command: report_drc -file design_ps_pl_wrapper_drc_opted.rpt -pb design_ps_pl_wrapper_drc_opted.pb -rpx design_ps_pl_wrapper_drc_opted.rpx
INFO: [IP_Flow 19-1839] IP Catalog is up to date.
INFO: [DRC 23-27] Running DRC with 4 threads
INFO: [Coretcl 2-168] The results of DRC are in file /home/mal/Workspace/Vivado/project_final/project_final.runs/impl_1/design_ps_pl_wrapper_drc_opted.rpt.
report_drc completed successfully
Command: place_design
Attempting to get a license for feature 'Implementation' and/or device 'xc7z020'
INFO: [Common 17-349] Got license for feature 'Implementation' and/or device 'xc7z020'
INFO: [DRC 23-27] Running DRC with 4 threads
INFO: [Vivado_Tcl 4-198] DRC finished with 0 Errors
INFO: [Vivado_Tcl 4-199] Please refer to the DRC report (report_drc) for more information.
Running DRC as a precondition to command place_design
INFO: [DRC 23-27] Running DRC with 4 threads
INFO: [Vivado_Tcl 4-198] DRC finished with 0 Errors
INFO: [Vivado_Tcl 4-199] Please refer to the DRC report (report_drc) for more information.

Starting Placer Task
INFO: [Place 30-611] Multithreading enabled for place_design using a maximum of 4 CPUs

Phase 1 Placer Initialization

Phase 1.1 Placer Initialization Netlist Sorting
Netlist sorting complete. Time (s): cpu = 00:00:00 ; elapsed = 00:00:00.01 . Memory (MB): peak = 2647.781 ; gain = 0.000 ; free physical = 153 ; free virtual = 1017
Phase 1.1 Placer Initialization Netlist Sorting | Checksum: c7428e45

Time (s): cpu = 00:00:00.01 ; elapsed = 00:00:00.05 . Memory (MB): peak = 2647.781 ; gain = 0.000 ; free physical = 153 ; free virtual = 1017
Netlist sorting complete. Time (s): cpu = 00:00:00.01 ; elapsed = 00:00:00.01 . Memory (MB): peak = 2647.781 ; gain = 0.000 ; free physical = 153 ; free virtual = 1017

Phase 1.2 IO Placement/ Clock Placement/ Build Placer Device
INFO: [Timing 38-35] Done setting XDC timing constraints.
Phase 1.2 IO Placement/ Clock Placement/ Build Placer Device | Checksum: 122d5e3e4

Time (s): cpu = 00:00:03 ; elapsed = 00:00:02 . Memory (MB): peak = 2647.781 ; gain = 0.000 ; free physical = 131 ; free virtual = 1002

Phase 1.3 Build Placer Netlist Model
Phase 1.3 Build Placer Netlist Model | Checksum: 13ee2ae37

Time (s): cpu = 00:00:07 ; elapsed = 00:00:04 . Memory (MB): peak = 2647.781 ; gain = 0.000 ; free physical = 140 ; free virtual = 987

Phase 1.4 Constrain Clocks/Macros
Phase 1.4 Constrain Clocks/Macros | Checksum: 13ee2ae37

Time (s): cpu = 00:00:08 ; elapsed = 00:00:04 . Memory (MB): peak = 2647.781 ; gain = 0.000 ; free physical = 140 ; free virtual = 986
Phase 1 Placer Initialization | Checksum: 13ee2ae37

Time (s): cpu = 00:00:08 ; elapsed = 00:00:04 . Memory (MB): peak = 2647.781 ; gain = 0.000 ; free physical = 140 ; free virtual = 986

Phase 2 Global Placement

Phase 2.1 Floorplanning
Phase 2.1 Floorplanning | Checksum: b2ddddc2

Time (s): cpu = 00:00:09 ; elapsed = 00:00:05 . Memory (MB): peak = 2647.781 ; gain = 0.000 ; free physical = 133 ; free virtual = 980

Phase 2.2 Global Placement Core

Phase 2.2.1 Physical Synthesis In Placer
INFO: [Physopt 32-65] No nets found for high-fanout optimization.
INFO: [Physopt 32-232] Optimized 0 net. Created 0 new instance.
INFO: [Physopt 32-775] End 1 Pass. Optimized 0 net or cell. Created 0 new cell, deleted 0 existing cell and moved 0 existing cell
INFO: [Physopt 32-670] No setup violation found.  DSP Register Optimization was not performed.
INFO: [Physopt 32-670] No setup violation found.  Shift Register Optimization was not performed.
INFO: [Physopt 32-670] No setup violation found.  BRAM Register Optimization was not performed.
INFO: [Physopt 32-949] No candidate nets found for HD net replication
INFO: [Physopt 32-775] End 1 Pass. Optimized 0 net or cell. Created 0 new cell, deleted 0 existing cell and moved 0 existing cell
Netlist sorting complete. Time (s): cpu = 00:00:00 ; elapsed = 00:00:00 . Memory (MB): peak = 2647.781 ; gain = 0.000 ; free physical = 115 ; free virtual = 974

Summary of Physical Synthesis Optimizations
============================================


----------------------------------------------------------------------------------------------------------------------------------------
|  Optimization                  |  Added Cells  |  Removed Cells  |  Optimized Cells/Nets  |  Dont Touch  |  Iterations  |  Elapsed   |
----------------------------------------------------------------------------------------------------------------------------------------
|  Very High Fanout              |            0  |              0  |                     0  |           0  |           1  |  00:00:00  |
|  DSP Register                  |            0  |              0  |                     0  |           0  |           0  |  00:00:00  |
|  Shift Register                |            0  |              0  |                     0  |           0  |           0  |  00:00:00  |
|  BRAM Register                 |            0  |              0  |                     0  |           0  |           0  |  00:00:00  |
|  HD Interface Net Replication  |            0  |              0  |                     0  |           0  |           1  |  00:00:00  |
|  Total                         |            0  |              0  |                     0  |           0  |           2  |  00:00:00  |
----------------------------------------------------------------------------------------------------------------------------------------


Phase 2.2.1 Physical Synthesis In Placer | Checksum: 9bba0229

Time (s): cpu = 00:00:25 ; elapsed = 00:00:11 . Memory (MB): peak = 2647.781 ; gain = 0.000 ; free physical = 128 ; free virtual = 969
Phase 2.2 Global Placement Core | Checksum: 1604e620e

Time (s): cpu = 00:00:26 ; elapsed = 00:00:12 . Memory (MB): peak = 2647.781 ; gain = 0.000 ; free physical = 125 ; free virtual = 966
Phase 2 Global Placement | Checksum: 1604e620e

Time (s): cpu = 00:00:26 ; elapsed = 00:00:12 . Memory (MB): peak = 2647.781 ; gain = 0.000 ; free physical = 129 ; free virtual = 970

Phase 3 Detail Placement

Phase 3.1 Commit Multi Column Macros
Phase 3.1 Commit Multi Column Macros | Checksum: 186a3a293

Time (s): cpu = 00:00:28 ; elapsed = 00:00:12 . Memory (MB): peak = 2647.781 ; gain = 0.000 ; free physical = 128 ; free virtual = 970

Phase 3.2 Commit Most Macros & LUTRAMs
Phase 3.2 Commit Most Macros & LUTRAMs | Checksum: 650c3333

Time (s): cpu = 00:00:31 ; elapsed = 00:00:14 . Memory (MB): peak = 2647.781 ; gain = 0.000 ; free physical = 119 ; free virtual = 971

Phase 3.3 Area Swap Optimization
Phase 3.3 Area Swap Optimization | Checksum: d8eac0f5

Time (s): cpu = 00:00:31 ; elapsed = 00:00:14 . Memory (MB): peak = 2647.781 ; gain = 0.000 ; free physical = 119 ; free virtual = 971

Phase 3.4 Pipeline Register Optimization
Phase 3.4 Pipeline Register Optimization | Checksum: eeb71bc5

Time (s): cpu = 00:00:31 ; elapsed = 00:00:14 . Memory (MB): peak = 2647.781 ; gain = 0.000 ; free physical = 119 ; free virtual = 971

Phase 3.5 Small Shape Detail Placement
Phase 3.5 Small Shape Detail Placement | Checksum: 18f2f200a

Time (s): cpu = 00:00:34 ; elapsed = 00:00:16 . Memory (MB): peak = 2647.781 ; gain = 0.000 ; free physical = 126 ; free virtual = 962

Phase 3.6 Re-assign LUT pins
Phase 3.6 Re-assign LUT pins | Checksum: 1120be922

Time (s): cpu = 00:00:34 ; elapsed = 00:00:17 . Memory (MB): peak = 2647.781 ; gain = 0.000 ; free physical = 126 ; free virtual = 963

Phase 3.7 Pipeline Register Optimization
Phase 3.7 Pipeline Register Optimization | Checksum: 13213165f

Time (s): cpu = 00:00:34 ; elapsed = 00:00:17 . Memory (MB): peak = 2647.781 ; gain = 0.000 ; free physical = 126 ; free virtual = 963
Phase 3 Detail Placement | Checksum: 13213165f

Time (s): cpu = 00:00:34 ; elapsed = 00:00:17 . Memory (MB): peak = 2647.781 ; gain = 0.000 ; free physical = 126 ; free virtual = 963

Phase 4 Post Placement Optimization and Clean-Up

Phase 4.1 Post Commit Optimization
INFO: [Timing 38-35] Done setting XDC timing constraints.

Phase 4.1.1 Post Placement Optimization
Post Placement Optimization Initialization | Checksum: 15426046f

Phase 4.1.1.1 BUFG Insertion
INFO: [Place 46-56] BUFG insertion identified 0 candidate nets. Inserted BUFG: 0, Replicated BUFG Driver: 0, Skipped due to Placement/Routing Conflicts: 0, Skipped due to Timing Degradation: 0, Skipped due to Illegal Netlist: 0.
Phase 4.1.1.1 BUFG Insertion | Checksum: 15426046f

Time (s): cpu = 00:00:38 ; elapsed = 00:00:19 . Memory (MB): peak = 2647.781 ; gain = 0.000 ; free physical = 126 ; free virtual = 965
INFO: [Place 30-746] Post Placement Timing Summary WNS=3.236. For the most accurate timing information please run report_timing.
Phase 4.1.1 Post Placement Optimization | Checksum: 1174eb5ec

Time (s): cpu = 00:00:38 ; elapsed = 00:00:19 . Memory (MB): peak = 2647.781 ; gain = 0.000 ; free physical = 126 ; free virtual = 964
Phase 4.1 Post Commit Optimization | Checksum: 1174eb5ec

Time (s): cpu = 00:00:38 ; elapsed = 00:00:19 . Memory (MB): peak = 2647.781 ; gain = 0.000 ; free physical = 126 ; free virtual = 964

Phase 4.2 Post Placement Cleanup
Phase 4.2 Post Placement Cleanup | Checksum: 1174eb5ec

Time (s): cpu = 00:00:39 ; elapsed = 00:00:19 . Memory (MB): peak = 2647.781 ; gain = 0.000 ; free physical = 126 ; free virtual = 964

Phase 4.3 Placer Reporting
Phase 4.3 Placer Reporting | Checksum: 1174eb5ec

Time (s): cpu = 00:00:39 ; elapsed = 00:00:19 . Memory (MB): peak = 2647.781 ; gain = 0.000 ; free physical = 126 ; free virtual = 964

Phase 4.4 Final Placement Cleanup
Netlist sorting complete. Time (s): cpu = 00:00:00.01 ; elapsed = 00:00:00.01 . Memory (MB): peak = 2647.781 ; gain = 0.000 ; free physical = 126 ; free virtual = 964
Phase 4.4 Final Placement Cleanup | Checksum: 18abfca13

Time (s): cpu = 00:00:39 ; elapsed = 00:00:19 . Memory (MB): peak = 2647.781 ; gain = 0.000 ; free physical = 126 ; free virtual = 964
Phase 4 Post Placement Optimization and Clean-Up | Checksum: 18abfca13

Time (s): cpu = 00:00:39 ; elapsed = 00:00:19 . Memory (MB): peak = 2647.781 ; gain = 0.000 ; free physical = 126 ; free virtual = 964
Ending Placer Task | Checksum: 10dafbaf3

Time (s): cpu = 00:00:39 ; elapsed = 00:00:19 . Memory (MB): peak = 2647.781 ; gain = 0.000 ; free physical = 126 ; free virtual = 964
INFO: [Common 17-83] Releasing license: Implementation
75 Infos, 0 Warnings, 0 Critical Warnings and 0 Errors encountered.
place_design completed successfully
place_design: Time (s): cpu = 00:00:42 ; elapsed = 00:00:21 . Memory (MB): peak = 2647.781 ; gain = 0.000 ; free physical = 141 ; free virtual = 980
Netlist sorting complete. Time (s): cpu = 00:00:00 ; elapsed = 00:00:00 . Memory (MB): peak = 2647.781 ; gain = 0.000 ; free physical = 141 ; free virtual = 980
INFO: [Timing 38-480] Writing timing data to binary archive.
Writing placer database...
Writing XDEF routing.
Writing XDEF routing logical nets.
Writing XDEF routing special nets.
Write XDEF Complete: Time (s): cpu = 00:00:03 ; elapsed = 00:00:01 . Memory (MB): peak = 2647.781 ; gain = 0.000 ; free physical = 118 ; free virtual = 966
INFO: [Common 17-1381] The checkpoint '/home/mal/Workspace/Vivado/project_final/project_final.runs/impl_1/design_ps_pl_wrapper_placed.dcp' has been generated.
INFO: [runtcl-4] Executing : report_io -file design_ps_pl_wrapper_io_placed.rpt
report_io: Time (s): cpu = 00:00:00.15 ; elapsed = 00:00:00.22 . Memory (MB): peak = 2647.781 ; gain = 0.000 ; free physical = 137 ; free virtual = 954
INFO: [runtcl-4] Executing : report_utilization -file design_ps_pl_wrapper_utilization_placed.rpt -pb design_ps_pl_wrapper_utilization_placed.pb
INFO: [runtcl-4] Executing : report_control_sets -verbose -file design_ps_pl_wrapper_control_sets_placed.rpt
report_control_sets: Time (s): cpu = 00:00:00.33 ; elapsed = 00:00:00.38 . Memory (MB): peak = 2647.781 ; gain = 0.000 ; free physical = 182 ; free virtual = 996
Command: route_design
Attempting to get a license for feature 'Implementation' and/or device 'xc7z020'
INFO: [Common 17-349] Got license for feature 'Implementation' and/or device 'xc7z020'
Running DRC as a precondition to command route_design
INFO: [DRC 23-27] Running DRC with 4 threads
INFO: [Vivado_Tcl 4-198] DRC finished with 0 Errors
INFO: [Vivado_Tcl 4-199] Please refer to the DRC report (report_drc) for more information.


Starting Routing Task
INFO: [Route 35-254] Multithreading enabled for route_design using a maximum of 4 CPUs
Checksum: PlaceDB: 71af206b ConstDB: 0 ShapeSum: 9c009a88 RouteDB: 0

Phase 1 Build RT Design
Phase 1 Build RT Design | Checksum: b4a4f052

Time (s): cpu = 00:00:26 ; elapsed = 00:00:20 . Memory (MB): peak = 2647.781 ; gain = 0.000 ; free physical = 139 ; free virtual = 884
Post Restoration Checksum: NetGraph: 22fd6677 NumContArr: 91a789db Constraints: 0 Timing: 0

Phase 2 Router Initialization

Phase 2.1 Create Timer
Phase 2.1 Create Timer | Checksum: b4a4f052

Time (s): cpu = 00:00:26 ; elapsed = 00:00:20 . Memory (MB): peak = 2647.781 ; gain = 0.000 ; free physical = 143 ; free virtual = 853

Phase 2.2 Fix Topology Constraints
Phase 2.2 Fix Topology Constraints | Checksum: b4a4f052

Time (s): cpu = 00:00:27 ; elapsed = 00:00:20 . Memory (MB): peak = 2647.781 ; gain = 0.000 ; free physical = 123 ; free virtual = 836

Phase 2.3 Pre Route Cleanup
Phase 2.3 Pre Route Cleanup | Checksum: b4a4f052

Time (s): cpu = 00:00:27 ; elapsed = 00:00:20 . Memory (MB): peak = 2647.781 ; gain = 0.000 ; free physical = 123 ; free virtual = 836
 Number of Nodes with overlaps = 0

Phase 2.4 Update Timing
Phase 2.4 Update Timing | Checksum: 256b18efc

Time (s): cpu = 00:00:32 ; elapsed = 00:00:23 . Memory (MB): peak = 2647.781 ; gain = 0.000 ; free physical = 135 ; free virtual = 826
INFO: [Route 35-416] Intermediate Timing Summary | WNS=3.441  | TNS=0.000  | WHS=-0.308 | THS=-335.292|

Phase 2 Router Initialization | Checksum: 21346005c

Time (s): cpu = 00:00:35 ; elapsed = 00:00:24 . Memory (MB): peak = 2647.781 ; gain = 0.000 ; free physical = 131 ; free virtual = 823

Router Utilization Summary
  Global Vertical Routing Utilization    = 0.000465983 %
  Global Horizontal Routing Utilization  = 0.0010142 %
  Routable Net Status*
  *Does not include unroutable nets such as driverless and loadless.
  Run report_route_status for detailed report.
  Number of Failed Nets               = 7321
    (Failed Nets is the sum of unrouted and partially routed nets)
  Number of Unrouted Nets             = 7320
  Number of Partially Routed Nets     = 1
  Number of Node Overlaps             = 0


Phase 3 Initial Routing
Phase 3 Initial Routing | Checksum: 1b0fc2806

Time (s): cpu = 00:00:37 ; elapsed = 00:00:25 . Memory (MB): peak = 2647.781 ; gain = 0.000 ; free physical = 127 ; free virtual = 820

Phase 4 Rip-up And Reroute

Phase 4.1 Global Iteration 0
 Number of Nodes with overlaps = 911
 Number of Nodes with overlaps = 55
 Number of Nodes with overlaps = 1
 Number of Nodes with overlaps = 0
INFO: [Route 35-416] Intermediate Timing Summary | WNS=3.190  | TNS=0.000  | WHS=N/A    | THS=N/A    |

Phase 4.1 Global Iteration 0 | Checksum: 21417d0d1

Time (s): cpu = 00:00:44 ; elapsed = 00:00:28 . Memory (MB): peak = 2647.781 ; gain = 0.000 ; free physical = 119 ; free virtual = 821

Phase 4.2 Global Iteration 1
 Number of Nodes with overlaps = 7
 Number of Nodes with overlaps = 2
 Number of Nodes with overlaps = 0
INFO: [Route 35-416] Intermediate Timing Summary | WNS=3.190  | TNS=0.000  | WHS=N/A    | THS=N/A    |

Phase 4.2 Global Iteration 1 | Checksum: 16d1cc5d6

Time (s): cpu = 00:00:45 ; elapsed = 00:00:28 . Memory (MB): peak = 2647.781 ; gain = 0.000 ; free physical = 119 ; free virtual = 821
Phase 4 Rip-up And Reroute | Checksum: 16d1cc5d6

Time (s): cpu = 00:00:45 ; elapsed = 00:00:28 . Memory (MB): peak = 2647.781 ; gain = 0.000 ; free physical = 119 ; free virtual = 821

Phase 5 Delay and Skew Optimization

Phase 5.1 Delay CleanUp
Phase 5.1 Delay CleanUp | Checksum: 16d1cc5d6

Time (s): cpu = 00:00:45 ; elapsed = 00:00:28 . Memory (MB): peak = 2647.781 ; gain = 0.000 ; free physical = 119 ; free virtual = 821

Phase 5.2 Clock Skew Optimization
Phase 5.2 Clock Skew Optimization | Checksum: 16d1cc5d6

Time (s): cpu = 00:00:45 ; elapsed = 00:00:28 . Memory (MB): peak = 2647.781 ; gain = 0.000 ; free physical = 119 ; free virtual = 821
Phase 5 Delay and Skew Optimization | Checksum: 16d1cc5d6

Time (s): cpu = 00:00:45 ; elapsed = 00:00:28 . Memory (MB): peak = 2647.781 ; gain = 0.000 ; free physical = 119 ; free virtual = 821

Phase 6 Post Hold Fix

Phase 6.1 Hold Fix Iter

Phase 6.1.1 Update Timing
Phase 6.1.1 Update Timing | Checksum: 11e3780f0

Time (s): cpu = 00:00:46 ; elapsed = 00:00:29 . Memory (MB): peak = 2647.781 ; gain = 0.000 ; free physical = 119 ; free virtual = 821
INFO: [Route 35-416] Intermediate Timing Summary | WNS=3.250  | TNS=0.000  | WHS=0.029  | THS=0.000  |

Phase 6.1 Hold Fix Iter | Checksum: 162572bac

Time (s): cpu = 00:00:46 ; elapsed = 00:00:29 . Memory (MB): peak = 2647.781 ; gain = 0.000 ; free physical = 119 ; free virtual = 821
Phase 6 Post Hold Fix | Checksum: 162572bac

Time (s): cpu = 00:00:46 ; elapsed = 00:00:29 . Memory (MB): peak = 2647.781 ; gain = 0.000 ; free physical = 119 ; free virtual = 821

Phase 7 Route finalize

Router Utilization Summary
  Global Vertical Routing Utilization    = 1.25603 %
  Global Horizontal Routing Utilization  = 1.6015 %
  Routable Net Status*
  *Does not include unroutable nets such as driverless and loadless.
  Run report_route_status for detailed report.
  Number of Failed Nets               = 0
    (Failed Nets is the sum of unrouted and partially routed nets)
  Number of Unrouted Nets             = 0
  Number of Partially Routed Nets     = 0
  Number of Node Overlaps             = 0

Phase 7 Route finalize | Checksum: 13a46a057

Time (s): cpu = 00:00:46 ; elapsed = 00:00:29 . Memory (MB): peak = 2647.781 ; gain = 0.000 ; free physical = 119 ; free virtual = 821

Phase 8 Verifying routed nets

 Verification completed successfully
Phase 8 Verifying routed nets | Checksum: 13a46a057

Time (s): cpu = 00:00:46 ; elapsed = 00:00:29 . Memory (MB): peak = 2647.781 ; gain = 0.000 ; free physical = 119 ; free virtual = 821

Phase 9 Depositing Routes
Phase 9 Depositing Routes | Checksum: 1c08c61c5

Time (s): cpu = 00:00:47 ; elapsed = 00:00:30 . Memory (MB): peak = 2647.781 ; gain = 0.000 ; free physical = 116 ; free virtual = 822

Phase 10 Post Router Timing
INFO: [Route 35-57] Estimated Timing Summary | WNS=3.250  | TNS=0.000  | WHS=0.029  | THS=0.000  |

INFO: [Route 35-327] The final timing numbers are based on the router estimated timing analysis. For a complete and accurate timing signoff, please run report_timing_summary.
Phase 10 Post Router Timing | Checksum: 1c08c61c5

Time (s): cpu = 00:00:47 ; elapsed = 00:00:30 . Memory (MB): peak = 2647.781 ; gain = 0.000 ; free physical = 115 ; free virtual = 822
INFO: [Route 35-16] Router Completed Successfully

Time (s): cpu = 00:00:47 ; elapsed = 00:00:30 . Memory (MB): peak = 2647.781 ; gain = 0.000 ; free physical = 135 ; free virtual = 842

Routing Is Done.
INFO: [Common 17-83] Releasing license: Implementation
93 Infos, 0 Warnings, 0 Critical Warnings and 0 Errors encountered.
route_design completed successfully
route_design: Time (s): cpu = 00:00:51 ; elapsed = 00:00:32 . Memory (MB): peak = 2647.781 ; gain = 0.000 ; free physical = 129 ; free virtual = 844
INFO: [Common 17-600] The following parameters have non-default value.
general.maxThreads
Netlist sorting complete. Time (s): cpu = 00:00:00 ; elapsed = 00:00:00 . Memory (MB): peak = 2647.781 ; gain = 0.000 ; free physical = 127 ; free virtual = 843
INFO: [Timing 38-480] Writing timing data to binary archive.
Writing placer database...
Writing XDEF routing.
Writing XDEF routing logical nets.
Writing XDEF routing special nets.
Write XDEF Complete: Time (s): cpu = 00:00:03 ; elapsed = 00:00:00.98 . Memory (MB): peak = 2647.781 ; gain = 0.000 ; free physical = 124 ; free virtual = 827
INFO: [Common 17-1381] The checkpoint '/home/mal/Workspace/Vivado/project_final/project_final.runs/impl_1/design_ps_pl_wrapper_routed.dcp' has been generated.
INFO: [runtcl-4] Executing : report_drc -file design_ps_pl_wrapper_drc_routed.rpt -pb design_ps_pl_wrapper_drc_routed.pb -rpx design_ps_pl_wrapper_drc_routed.rpx
Command: report_drc -file design_ps_pl_wrapper_drc_routed.rpt -pb design_ps_pl_wrapper_drc_routed.pb -rpx design_ps_pl_wrapper_drc_routed.rpx
INFO: [IP_Flow 19-1839] IP Catalog is up to date.
INFO: [DRC 23-27] Running DRC with 4 threads
INFO: [Coretcl 2-168] The results of DRC are in file /home/mal/Workspace/Vivado/project_final/project_final.runs/impl_1/design_ps_pl_wrapper_drc_routed.rpt.
report_drc completed successfully
INFO: [runtcl-4] Executing : report_methodology -file design_ps_pl_wrapper_methodology_drc_routed.rpt -pb design_ps_pl_wrapper_methodology_drc_routed.pb -rpx design_ps_pl_wrapper_methodology_drc_routed.rpx
Command: report_methodology -file design_ps_pl_wrapper_methodology_drc_routed.rpt -pb design_ps_pl_wrapper_methodology_drc_routed.pb -rpx design_ps_pl_wrapper_methodology_drc_routed.rpx
INFO: [Timing 38-35] Done setting XDC timing constraints.
INFO: [DRC 23-133] Running Methodology with 4 threads
INFO: [Coretcl 2-1520] The results of Report Methodology are in file /home/mal/Workspace/Vivado/project_final/project_final.runs/impl_1/design_ps_pl_wrapper_methodology_drc_routed.rpt.
report_methodology completed successfully
INFO: [runtcl-4] Executing : report_power -file design_ps_pl_wrapper_power_routed.rpt -pb design_ps_pl_wrapper_power_summary_routed.pb -rpx design_ps_pl_wrapper_power_routed.rpx
Command: report_power -file design_ps_pl_wrapper_power_routed.rpt -pb design_ps_pl_wrapper_power_summary_routed.pb -rpx design_ps_pl_wrapper_power_routed.rpx
INFO: [Timing 38-35] Done setting XDC timing constraints.
Running Vector-less Activity Propagation...

Finished Running Vector-less Activity Propagation
106 Infos, 0 Warnings, 0 Critical Warnings and 0 Errors encountered.
report_power completed successfully
INFO: [runtcl-4] Executing : report_route_status -file design_ps_pl_wrapper_route_status.rpt -pb design_ps_pl_wrapper_route_status.pb
INFO: [runtcl-4] Executing : report_timing_summary -max_paths 10 -file design_ps_pl_wrapper_timing_summary_routed.rpt -pb design_ps_pl_wrapper_timing_summary_routed.pb -rpx design_ps_pl_wrapper_timing_summary_routed.rpx -warn_on_violation 
INFO: [Timing 38-91] UpdateTimingParams: Speed grade: -1, Delay Type: min_max.
INFO: [Timing 38-191] Multithreading enabled for timing update using a maximum of 4 CPUs
INFO: [runtcl-4] Executing : report_incremental_reuse -file design_ps_pl_wrapper_incremental_reuse_routed.rpt
INFO: [Vivado_Tcl 4-1062] Incremental flow is disabled. No incremental reuse Info to report.
INFO: [runtcl-4] Executing : report_clock_utilization -file design_ps_pl_wrapper_clock_utilization_routed.rpt
INFO: [runtcl-4] Executing : report_bus_skew -warn_on_violation -file design_ps_pl_wrapper_bus_skew_routed.rpt -pb design_ps_pl_wrapper_bus_skew_routed.pb -rpx design_ps_pl_wrapper_bus_skew_routed.rpx
INFO: [Timing 38-91] UpdateTimingParams: Speed grade: -1, Delay Type: min_max.
INFO: [Timing 38-191] Multithreading enabled for timing update using a maximum of 4 CPUs
INFO: [Memdata 28-167] Found XPM memory block design_ps_pl_i/PS_BRAM/axi_smc/inst/s00_nodes/s00_w_node/inst/inst_mi_handler/gen_normal_area.inst_fifo_node_payld/gen_xpm_memory_fifo.inst_fifo/gen_mem_rep[0].inst_xpm_memory/xpm_memory_base_inst with a P_MEMORY_PRIMITIVE property set to distributed. A value of block is required. You will not be able to use the updatemem program to update the bitstream with new data for the design_ps_pl_i/PS_BRAM/axi_smc/inst/s00_nodes/s00_w_node/inst/inst_mi_handler/gen_normal_area.inst_fifo_node_payld/gen_xpm_memory_fifo.inst_fifo/gen_mem_rep[0].inst_xpm_memory/xpm_memory_base_inst block.
INFO: [Memdata 28-167] Found XPM memory block design_ps_pl_i/PS_BRAM/axi_smc/inst/s00_nodes/s00_w_node/inst/inst_mi_handler/gen_normal_area.gen_fifo_req.inst_fifo_req/gen_xpm_memory_fifo.inst_fifo/gen_mem_rep[0].inst_xpm_memory/xpm_memory_base_inst with a P_MEMORY_PRIMITIVE property set to distributed. A value of block is required. You will not be able to use the updatemem program to update the bitstream with new data for the design_ps_pl_i/PS_BRAM/axi_smc/inst/s00_nodes/s00_w_node/inst/inst_mi_handler/gen_normal_area.gen_fifo_req.inst_fifo_req/gen_xpm_memory_fifo.inst_fifo/gen_mem_rep[0].inst_xpm_memory/xpm_memory_base_inst block.
INFO: [Memdata 28-167] Found XPM memory block design_ps_pl_i/PS_BRAM/axi_smc/inst/s00_nodes/s00_r_node/inst/inst_mi_handler/gen_normal_area.inst_fifo_node_payld/gen_xpm_memory_fifo.inst_fifo/gen_mem_rep[0].inst_xpm_memory/xpm_memory_base_inst with a P_MEMORY_PRIMITIVE property set to distributed. A value of block is required. You will not be able to use the updatemem program to update the bitstream with new data for the design_ps_pl_i/PS_BRAM/axi_smc/inst/s00_nodes/s00_r_node/inst/inst_mi_handler/gen_normal_area.inst_fifo_node_payld/gen_xpm_memory_fifo.inst_fifo/gen_mem_rep[0].inst_xpm_memory/xpm_memory_base_inst block.
INFO: [Memdata 28-167] Found XPM memory block design_ps_pl_i/PS_BRAM/axi_smc/inst/s00_nodes/s00_b_node/inst/inst_mi_handler/gen_normal_area.inst_fifo_node_payld/gen_xpm_memory_fifo.inst_fifo/gen_mem_rep[0].inst_xpm_memory/xpm_memory_base_inst with a P_MEMORY_PRIMITIVE property set to distributed. A value of block is required. You will not be able to use the updatemem program to update the bitstream with new data for the design_ps_pl_i/PS_BRAM/axi_smc/inst/s00_nodes/s00_b_node/inst/inst_mi_handler/gen_normal_area.inst_fifo_node_payld/gen_xpm_memory_fifo.inst_fifo/gen_mem_rep[0].inst_xpm_memory/xpm_memory_base_inst block.
INFO: [Memdata 28-167] Found XPM memory block design_ps_pl_i/PS_BRAM/axi_smc/inst/s00_nodes/s00_aw_node/inst/inst_mi_handler/gen_normal_area.inst_fifo_node_payld/gen_xpm_memory_fifo.inst_fifo/gen_mem_rep[0].inst_xpm_memory/xpm_memory_base_inst with a P_MEMORY_PRIMITIVE property set to distributed. A value of block is required. You will not be able to use the updatemem program to update the bitstream with new data for the design_ps_pl_i/PS_BRAM/axi_smc/inst/s00_nodes/s00_aw_node/inst/inst_mi_handler/gen_normal_area.inst_fifo_node_payld/gen_xpm_memory_fifo.inst_fifo/gen_mem_rep[0].inst_xpm_memory/xpm_memory_base_inst block.
INFO: [Memdata 28-167] Found XPM memory block design_ps_pl_i/PS_BRAM/axi_smc/inst/s00_nodes/s00_aw_node/inst/inst_mi_handler/gen_normal_area.gen_fifo_req.inst_fifo_req/gen_xpm_memory_fifo.inst_fifo/gen_mem_rep[0].inst_xpm_memory/xpm_memory_base_inst with a P_MEMORY_PRIMITIVE property set to distributed. A value of block is required. You will not be able to use the updatemem program to update the bitstream with new data for the design_ps_pl_i/PS_BRAM/axi_smc/inst/s00_nodes/s00_aw_node/inst/inst_mi_handler/gen_normal_area.gen_fifo_req.inst_fifo_req/gen_xpm_memory_fifo.inst_fifo/gen_mem_rep[0].inst_xpm_memory/xpm_memory_base_inst block.
INFO: [Memdata 28-167] Found XPM memory block design_ps_pl_i/PS_BRAM/axi_smc/inst/s00_nodes/s00_ar_node/inst/inst_mi_handler/gen_normal_area.inst_fifo_node_payld/gen_xpm_memory_fifo.inst_fifo/gen_mem_rep[0].inst_xpm_memory/xpm_memory_base_inst with a P_MEMORY_PRIMITIVE property set to distributed. A value of block is required. You will not be able to use the updatemem program to update the bitstream with new data for the design_ps_pl_i/PS_BRAM/axi_smc/inst/s00_nodes/s00_ar_node/inst/inst_mi_handler/gen_normal_area.inst_fifo_node_payld/gen_xpm_memory_fifo.inst_fifo/gen_mem_rep[0].inst_xpm_memory/xpm_memory_base_inst block.
INFO: [Memdata 28-167] Found XPM memory block design_ps_pl_i/PS_BRAM/axi_smc/inst/s00_nodes/s00_ar_node/inst/inst_mi_handler/gen_normal_area.gen_fifo_req.inst_fifo_req/gen_xpm_memory_fifo.inst_fifo/gen_mem_rep[0].inst_xpm_memory/xpm_memory_base_inst with a P_MEMORY_PRIMITIVE property set to distributed. A value of block is required. You will not be able to use the updatemem program to update the bitstream with new data for the design_ps_pl_i/PS_BRAM/axi_smc/inst/s00_nodes/s00_ar_node/inst/inst_mi_handler/gen_normal_area.gen_fifo_req.inst_fifo_req/gen_xpm_memory_fifo.inst_fifo/gen_mem_rep[0].inst_xpm_memory/xpm_memory_base_inst block.
INFO: [Memdata 28-167] Found XPM memory block design_ps_pl_i/PS_BRAM/axi_smc/inst/m01_nodes/m01_w_node/inst/inst_mi_handler/gen_normal_area.inst_fifo_node_payld/gen_xpm_memory_fifo.inst_fifo/gen_mem_rep[0].inst_xpm_memory/xpm_memory_base_inst with a P_MEMORY_PRIMITIVE property set to distributed. A value of block is required. You will not be able to use the updatemem program to update the bitstream with new data for the design_ps_pl_i/PS_BRAM/axi_smc/inst/m01_nodes/m01_w_node/inst/inst_mi_handler/gen_normal_area.inst_fifo_node_payld/gen_xpm_memory_fifo.inst_fifo/gen_mem_rep[0].inst_xpm_memory/xpm_memory_base_inst block.
INFO: [Memdata 28-167] Found XPM memory block design_ps_pl_i/PS_BRAM/axi_smc/inst/m01_nodes/m01_r_node/inst/inst_mi_handler/gen_normal_area.inst_fifo_node_payld/gen_xpm_memory_fifo.inst_fifo/gen_mem_rep[0].inst_xpm_memory/xpm_memory_base_inst with a P_MEMORY_PRIMITIVE property set to distributed. A value of block is required. You will not be able to use the updatemem program to update the bitstream with new data for the design_ps_pl_i/PS_BRAM/axi_smc/inst/m01_nodes/m01_r_node/inst/inst_mi_handler/gen_normal_area.inst_fifo_node_payld/gen_xpm_memory_fifo.inst_fifo/gen_mem_rep[0].inst_xpm_memory/xpm_memory_base_inst block.
INFO: [Memdata 28-167] Found XPM memory block design_ps_pl_i/PS_BRAM/axi_smc/inst/m01_nodes/m01_b_node/inst/inst_mi_handler/gen_normal_area.inst_fifo_node_payld/gen_xpm_memory_fifo.inst_fifo/gen_mem_rep[0].inst_xpm_memory/xpm_memory_base_inst with a P_MEMORY_PRIMITIVE property set to distributed. A value of block is required. You will not be able to use the updatemem program to update the bitstream with new data for the design_ps_pl_i/PS_BRAM/axi_smc/inst/m01_nodes/m01_b_node/inst/inst_mi_handler/gen_normal_area.inst_fifo_node_payld/gen_xpm_memory_fifo.inst_fifo/gen_mem_rep[0].inst_xpm_memory/xpm_memory_base_inst block.
INFO: [Memdata 28-167] Found XPM memory block design_ps_pl_i/PS_BRAM/axi_smc/inst/m01_nodes/m01_aw_node/inst/inst_mi_handler/gen_normal_area.inst_fifo_node_payld/gen_xpm_memory_fifo.inst_fifo/gen_mem_rep[0].inst_xpm_memory/xpm_memory_base_inst with a P_MEMORY_PRIMITIVE property set to distributed. A value of block is required. You will not be able to use the updatemem program to update the bitstream with new data for the design_ps_pl_i/PS_BRAM/axi_smc/inst/m01_nodes/m01_aw_node/inst/inst_mi_handler/gen_normal_area.inst_fifo_node_payld/gen_xpm_memory_fifo.inst_fifo/gen_mem_rep[0].inst_xpm_memory/xpm_memory_base_inst block.
INFO: [Memdata 28-167] Found XPM memory block design_ps_pl_i/PS_BRAM/axi_smc/inst/m01_nodes/m01_ar_node/inst/inst_mi_handler/gen_normal_area.inst_fifo_node_payld/gen_xpm_memory_fifo.inst_fifo/gen_mem_rep[0].inst_xpm_memory/xpm_memory_base_inst with a P_MEMORY_PRIMITIVE property set to distributed. A value of block is required. You will not be able to use the updatemem program to update the bitstream with new data for the design_ps_pl_i/PS_BRAM/axi_smc/inst/m01_nodes/m01_ar_node/inst/inst_mi_handler/gen_normal_area.inst_fifo_node_payld/gen_xpm_memory_fifo.inst_fifo/gen_mem_rep[0].inst_xpm_memory/xpm_memory_base_inst block.
INFO: [Memdata 28-167] Found XPM memory block design_ps_pl_i/PS_BRAM/axi_smc/inst/m00_nodes/m00_w_node/inst/inst_mi_handler/gen_normal_area.inst_fifo_node_payld/gen_xpm_memory_fifo.inst_fifo/gen_mem_rep[0].inst_xpm_memory/xpm_memory_base_inst with a P_MEMORY_PRIMITIVE property set to distributed. A value of block is required. You will not be able to use the updatemem program to update the bitstream with new data for the design_ps_pl_i/PS_BRAM/axi_smc/inst/m00_nodes/m00_w_node/inst/inst_mi_handler/gen_normal_area.inst_fifo_node_payld/gen_xpm_memory_fifo.inst_fifo/gen_mem_rep[0].inst_xpm_memory/xpm_memory_base_inst block.
INFO: [Memdata 28-167] Found XPM memory block design_ps_pl_i/PS_BRAM/axi_smc/inst/m00_nodes/m00_r_node/inst/inst_mi_handler/gen_normal_area.inst_fifo_node_payld/gen_xpm_memory_fifo.inst_fifo/gen_mem_rep[0].inst_xpm_memory/xpm_memory_base_inst with a P_MEMORY_PRIMITIVE property set to distributed. A value of block is required. You will not be able to use the updatemem program to update the bitstream with new data for the design_ps_pl_i/PS_BRAM/axi_smc/inst/m00_nodes/m00_r_node/inst/inst_mi_handler/gen_normal_area.inst_fifo_node_payld/gen_xpm_memory_fifo.inst_fifo/gen_mem_rep[0].inst_xpm_memory/xpm_memory_base_inst block.
INFO: [Memdata 28-167] Found XPM memory block design_ps_pl_i/PS_BRAM/axi_smc/inst/m00_nodes/m00_b_node/inst/inst_mi_handler/gen_normal_area.inst_fifo_node_payld/gen_xpm_memory_fifo.inst_fifo/gen_mem_rep[0].inst_xpm_memory/xpm_memory_base_inst with a P_MEMORY_PRIMITIVE property set to distributed. A value of block is required. You will not be able to use the updatemem program to update the bitstream with new data for the design_ps_pl_i/PS_BRAM/axi_smc/inst/m00_nodes/m00_b_node/inst/inst_mi_handler/gen_normal_area.inst_fifo_node_payld/gen_xpm_memory_fifo.inst_fifo/gen_mem_rep[0].inst_xpm_memory/xpm_memory_base_inst block.
INFO: [Memdata 28-167] Found XPM memory block design_ps_pl_i/PS_BRAM/axi_smc/inst/m00_nodes/m00_aw_node/inst/inst_mi_handler/gen_normal_area.inst_fifo_node_payld/gen_xpm_memory_fifo.inst_fifo/gen_mem_rep[0].inst_xpm_memory/xpm_memory_base_inst with a P_MEMORY_PRIMITIVE property set to distributed. A value of block is required. You will not be able to use the updatemem program to update the bitstream with new data for the design_ps_pl_i/PS_BRAM/axi_smc/inst/m00_nodes/m00_aw_node/inst/inst_mi_handler/gen_normal_area.inst_fifo_node_payld/gen_xpm_memory_fifo.inst_fifo/gen_mem_rep[0].inst_xpm_memory/xpm_memory_base_inst block.
INFO: [Memdata 28-167] Found XPM memory block design_ps_pl_i/PS_BRAM/axi_smc/inst/m00_nodes/m00_ar_node/inst/inst_mi_handler/gen_normal_area.inst_fifo_node_payld/gen_xpm_memory_fifo.inst_fifo/gen_mem_rep[0].inst_xpm_memory/xpm_memory_base_inst with a P_MEMORY_PRIMITIVE property set to distributed. A value of block is required. You will not be able to use the updatemem program to update the bitstream with new data for the design_ps_pl_i/PS_BRAM/axi_smc/inst/m00_nodes/m00_ar_node/inst/inst_mi_handler/gen_normal_area.inst_fifo_node_payld/gen_xpm_memory_fifo.inst_fifo/gen_mem_rep[0].inst_xpm_memory/xpm_memory_base_inst block.
Command: write_bitstream -force design_ps_pl_wrapper.bit
Attempting to get a license for feature 'Implementation' and/or device 'xc7z020'
INFO: [Common 17-349] Got license for feature 'Implementation' and/or device 'xc7z020'
Running DRC as a precondition to command write_bitstream
INFO: [IP_Flow 19-1839] IP Catalog is up to date.
INFO: [DRC 23-27] Running DRC with 4 threads
INFO: [Vivado 12-3199] DRC finished with 0 Errors
INFO: [Vivado 12-3200] Please refer to the DRC report (report_drc) for more information.
INFO: [Designutils 20-2272] Running write_bitstream with 4 threads.
Loading data files...
Loading site data...
Loading route data...
Processing options...
Creating bitmap...
Creating bitstream...
Writing bitstream ./design_ps_pl_wrapper.bit...
INFO: [Vivado 12-1842] Bitgen Completed Successfully.
INFO: [Project 1-120] WebTalk data collection is mandatory when using a WebPACK part without a full Vivado license. To see the specific WebTalk data collected for your design, open the usage_statistics_webtalk.html or usage_statistics_webtalk.xml file in the implementation directory.
INFO: [Common 17-186] '/home/mal/Workspace/Vivado/project_final/project_final.runs/impl_1/usage_statistics_webtalk.xml' has been successfully sent to Xilinx on Fri Feb  7 14:29:36 2020. For additional details about this file, please refer to the WebTalk help file at /home/mal/Xilinx/Vivado/2019.1/doc/webtalk_introduction.html.
INFO: [Common 17-83] Releasing license: Implementation
144 Infos, 0 Warnings, 0 Critical Warnings and 0 Errors encountered.
write_bitstream completed successfully
write_bitstream: Time (s): cpu = 00:00:26 ; elapsed = 00:02:32 . Memory (MB): peak = 3031.516 ; gain = 327.129 ; free physical = 3188 ; free virtual = 5457
INFO: [Common 17-206] Exiting Vivado at Fri Feb  7 14:29:37 2020...

*** Running vivado
    with args -log design_ps_pl_wrapper.vdi -applog -m64 -product Vivado -messageDb vivado.pb -mode batch -source design_ps_pl_wrapper.tcl -notrace


****** Vivado v2019.1.3 (64-bit)
  **** SW Build 2644227 on Wed Sep  4 09:44:18 MDT 2019
  **** IP Build 2633630 on Wed Sep  4 12:30:14 MDT 2019
    ** Copyright 1986-2019 Xilinx, Inc. All Rights Reserved.

source design_ps_pl_wrapper.tcl -notrace
Command: open_checkpoint design_ps_pl_wrapper_routed.dcp

Starting open_checkpoint Task

Time (s): cpu = 00:00:00.05 ; elapsed = 00:00:00.10 . Memory (MB): peak = 1400.508 ; gain = 0.000 ; free physical = 4335 ; free virtual = 7140
INFO: [Device 21-403] Loading part xc7z020clg400-1
INFO: [Netlist 29-17] Analyzing 135 Unisim elements for replacement
INFO: [Netlist 29-28] Unisim Transformation completed in 0 CPU seconds
INFO: [Project 1-479] Netlist was created with Vivado 2019.1.3
INFO: [Project 1-570] Preparing netlist for logic optimization
INFO: [Timing 38-478] Restoring timing data from binary archive.
INFO: [Timing 38-479] Binary timing data restore complete.
INFO: [Project 1-856] Restoring constraints from binary archive.
INFO: [Constraints 18-5170] The checkpoint was created with non-default parameter values which do not match the current Vivado settings.  Mismatching parameters are:
  general.maxThreads
INFO: [Project 1-853] Binary constraint restore complete.
Reading XDEF placement.
Reading placer database...
Reading XDEF routing.
Read XDEF File: Time (s): cpu = 00:00:00.82 ; elapsed = 00:00:00.90 . Memory (MB): peak = 2201.352 ; gain = 6.938 ; free physical = 4104 ; free virtual = 7009
Restored from archive | CPU: 0.900000 secs | Memory: 10.887093 MB |
Finished XDEF File Restore: Time (s): cpu = 00:00:00.82 ; elapsed = 00:00:00.90 . Memory (MB): peak = 2201.352 ; gain = 6.938 ; free physical = 4104 ; free virtual = 7009
Netlist sorting complete. Time (s): cpu = 00:00:00 ; elapsed = 00:00:00 . Memory (MB): peak = 2201.352 ; gain = 0.000 ; free physical = 4107 ; free virtual = 7013
INFO: [Project 1-111] Unisim Transformation Summary:
  A total of 83 instances were transformed.
  RAM32M => RAM32M (RAMD32, RAMD32, RAMD32, RAMD32, RAMD32, RAMD32, RAMS32, RAMS32): 83 instances

INFO: [Project 1-604] Checkpoint was created with Vivado v2019.1.3 (64-bit) build 2644227
open_checkpoint: Time (s): cpu = 00:00:17 ; elapsed = 00:00:20 . Memory (MB): peak = 2201.352 ; gain = 800.844 ; free physical = 4106 ; free virtual = 7012
INFO: [Memdata 28-167] Found XPM memory block design_ps_pl_i/PS_BRAM/axi_smc/inst/s00_nodes/s00_w_node/inst/inst_mi_handler/gen_normal_area.inst_fifo_node_payld/gen_xpm_memory_fifo.inst_fifo/gen_mem_rep[0].inst_xpm_memory/xpm_memory_base_inst with a P_MEMORY_PRIMITIVE property set to distributed. A value of block is required. You will not be able to use the updatemem program to update the bitstream with new data for the design_ps_pl_i/PS_BRAM/axi_smc/inst/s00_nodes/s00_w_node/inst/inst_mi_handler/gen_normal_area.inst_fifo_node_payld/gen_xpm_memory_fifo.inst_fifo/gen_mem_rep[0].inst_xpm_memory/xpm_memory_base_inst block.
INFO: [Memdata 28-167] Found XPM memory block design_ps_pl_i/PS_BRAM/axi_smc/inst/s00_nodes/s00_w_node/inst/inst_mi_handler/gen_normal_area.gen_fifo_req.inst_fifo_req/gen_xpm_memory_fifo.inst_fifo/gen_mem_rep[0].inst_xpm_memory/xpm_memory_base_inst with a P_MEMORY_PRIMITIVE property set to distributed. A value of block is required. You will not be able to use the updatemem program to update the bitstream with new data for the design_ps_pl_i/PS_BRAM/axi_smc/inst/s00_nodes/s00_w_node/inst/inst_mi_handler/gen_normal_area.gen_fifo_req.inst_fifo_req/gen_xpm_memory_fifo.inst_fifo/gen_mem_rep[0].inst_xpm_memory/xpm_memory_base_inst block.
INFO: [Memdata 28-167] Found XPM memory block design_ps_pl_i/PS_BRAM/axi_smc/inst/s00_nodes/s00_r_node/inst/inst_mi_handler/gen_normal_area.inst_fifo_node_payld/gen_xpm_memory_fifo.inst_fifo/gen_mem_rep[0].inst_xpm_memory/xpm_memory_base_inst with a P_MEMORY_PRIMITIVE property set to distributed. A value of block is required. You will not be able to use the updatemem program to update the bitstream with new data for the design_ps_pl_i/PS_BRAM/axi_smc/inst/s00_nodes/s00_r_node/inst/inst_mi_handler/gen_normal_area.inst_fifo_node_payld/gen_xpm_memory_fifo.inst_fifo/gen_mem_rep[0].inst_xpm_memory/xpm_memory_base_inst block.
INFO: [Memdata 28-167] Found XPM memory block design_ps_pl_i/PS_BRAM/axi_smc/inst/s00_nodes/s00_b_node/inst/inst_mi_handler/gen_normal_area.inst_fifo_node_payld/gen_xpm_memory_fifo.inst_fifo/gen_mem_rep[0].inst_xpm_memory/xpm_memory_base_inst with a P_MEMORY_PRIMITIVE property set to distributed. A value of block is required. You will not be able to use the updatemem program to update the bitstream with new data for the design_ps_pl_i/PS_BRAM/axi_smc/inst/s00_nodes/s00_b_node/inst/inst_mi_handler/gen_normal_area.inst_fifo_node_payld/gen_xpm_memory_fifo.inst_fifo/gen_mem_rep[0].inst_xpm_memory/xpm_memory_base_inst block.
INFO: [Memdata 28-167] Found XPM memory block design_ps_pl_i/PS_BRAM/axi_smc/inst/s00_nodes/s00_aw_node/inst/inst_mi_handler/gen_normal_area.inst_fifo_node_payld/gen_xpm_memory_fifo.inst_fifo/gen_mem_rep[0].inst_xpm_memory/xpm_memory_base_inst with a P_MEMORY_PRIMITIVE property set to distributed. A value of block is required. You will not be able to use the updatemem program to update the bitstream with new data for the design_ps_pl_i/PS_BRAM/axi_smc/inst/s00_nodes/s00_aw_node/inst/inst_mi_handler/gen_normal_area.inst_fifo_node_payld/gen_xpm_memory_fifo.inst_fifo/gen_mem_rep[0].inst_xpm_memory/xpm_memory_base_inst block.
INFO: [Memdata 28-167] Found XPM memory block design_ps_pl_i/PS_BRAM/axi_smc/inst/s00_nodes/s00_aw_node/inst/inst_mi_handler/gen_normal_area.gen_fifo_req.inst_fifo_req/gen_xpm_memory_fifo.inst_fifo/gen_mem_rep[0].inst_xpm_memory/xpm_memory_base_inst with a P_MEMORY_PRIMITIVE property set to distributed. A value of block is required. You will not be able to use the updatemem program to update the bitstream with new data for the design_ps_pl_i/PS_BRAM/axi_smc/inst/s00_nodes/s00_aw_node/inst/inst_mi_handler/gen_normal_area.gen_fifo_req.inst_fifo_req/gen_xpm_memory_fifo.inst_fifo/gen_mem_rep[0].inst_xpm_memory/xpm_memory_base_inst block.
INFO: [Memdata 28-167] Found XPM memory block design_ps_pl_i/PS_BRAM/axi_smc/inst/s00_nodes/s00_ar_node/inst/inst_mi_handler/gen_normal_area.inst_fifo_node_payld/gen_xpm_memory_fifo.inst_fifo/gen_mem_rep[0].inst_xpm_memory/xpm_memory_base_inst with a P_MEMORY_PRIMITIVE property set to distributed. A value of block is required. You will not be able to use the updatemem program to update the bitstream with new data for the design_ps_pl_i/PS_BRAM/axi_smc/inst/s00_nodes/s00_ar_node/inst/inst_mi_handler/gen_normal_area.inst_fifo_node_payld/gen_xpm_memory_fifo.inst_fifo/gen_mem_rep[0].inst_xpm_memory/xpm_memory_base_inst block.
INFO: [Memdata 28-167] Found XPM memory block design_ps_pl_i/PS_BRAM/axi_smc/inst/s00_nodes/s00_ar_node/inst/inst_mi_handler/gen_normal_area.gen_fifo_req.inst_fifo_req/gen_xpm_memory_fifo.inst_fifo/gen_mem_rep[0].inst_xpm_memory/xpm_memory_base_inst with a P_MEMORY_PRIMITIVE property set to distributed. A value of block is required. You will not be able to use the updatemem program to update the bitstream with new data for the design_ps_pl_i/PS_BRAM/axi_smc/inst/s00_nodes/s00_ar_node/inst/inst_mi_handler/gen_normal_area.gen_fifo_req.inst_fifo_req/gen_xpm_memory_fifo.inst_fifo/gen_mem_rep[0].inst_xpm_memory/xpm_memory_base_inst block.
INFO: [Memdata 28-167] Found XPM memory block design_ps_pl_i/PS_BRAM/axi_smc/inst/m01_nodes/m01_w_node/inst/inst_mi_handler/gen_normal_area.inst_fifo_node_payld/gen_xpm_memory_fifo.inst_fifo/gen_mem_rep[0].inst_xpm_memory/xpm_memory_base_inst with a P_MEMORY_PRIMITIVE property set to distributed. A value of block is required. You will not be able to use the updatemem program to update the bitstream with new data for the design_ps_pl_i/PS_BRAM/axi_smc/inst/m01_nodes/m01_w_node/inst/inst_mi_handler/gen_normal_area.inst_fifo_node_payld/gen_xpm_memory_fifo.inst_fifo/gen_mem_rep[0].inst_xpm_memory/xpm_memory_base_inst block.
INFO: [Memdata 28-167] Found XPM memory block design_ps_pl_i/PS_BRAM/axi_smc/inst/m01_nodes/m01_r_node/inst/inst_mi_handler/gen_normal_area.inst_fifo_node_payld/gen_xpm_memory_fifo.inst_fifo/gen_mem_rep[0].inst_xpm_memory/xpm_memory_base_inst with a P_MEMORY_PRIMITIVE property set to distributed. A value of block is required. You will not be able to use the updatemem program to update the bitstream with new data for the design_ps_pl_i/PS_BRAM/axi_smc/inst/m01_nodes/m01_r_node/inst/inst_mi_handler/gen_normal_area.inst_fifo_node_payld/gen_xpm_memory_fifo.inst_fifo/gen_mem_rep[0].inst_xpm_memory/xpm_memory_base_inst block.
INFO: [Memdata 28-167] Found XPM memory block design_ps_pl_i/PS_BRAM/axi_smc/inst/m01_nodes/m01_b_node/inst/inst_mi_handler/gen_normal_area.inst_fifo_node_payld/gen_xpm_memory_fifo.inst_fifo/gen_mem_rep[0].inst_xpm_memory/xpm_memory_base_inst with a P_MEMORY_PRIMITIVE property set to distributed. A value of block is required. You will not be able to use the updatemem program to update the bitstream with new data for the design_ps_pl_i/PS_BRAM/axi_smc/inst/m01_nodes/m01_b_node/inst/inst_mi_handler/gen_normal_area.inst_fifo_node_payld/gen_xpm_memory_fifo.inst_fifo/gen_mem_rep[0].inst_xpm_memory/xpm_memory_base_inst block.
INFO: [Memdata 28-167] Found XPM memory block design_ps_pl_i/PS_BRAM/axi_smc/inst/m01_nodes/m01_aw_node/inst/inst_mi_handler/gen_normal_area.inst_fifo_node_payld/gen_xpm_memory_fifo.inst_fifo/gen_mem_rep[0].inst_xpm_memory/xpm_memory_base_inst with a P_MEMORY_PRIMITIVE property set to distributed. A value of block is required. You will not be able to use the updatemem program to update the bitstream with new data for the design_ps_pl_i/PS_BRAM/axi_smc/inst/m01_nodes/m01_aw_node/inst/inst_mi_handler/gen_normal_area.inst_fifo_node_payld/gen_xpm_memory_fifo.inst_fifo/gen_mem_rep[0].inst_xpm_memory/xpm_memory_base_inst block.
INFO: [Memdata 28-167] Found XPM memory block design_ps_pl_i/PS_BRAM/axi_smc/inst/m01_nodes/m01_ar_node/inst/inst_mi_handler/gen_normal_area.inst_fifo_node_payld/gen_xpm_memory_fifo.inst_fifo/gen_mem_rep[0].inst_xpm_memory/xpm_memory_base_inst with a P_MEMORY_PRIMITIVE property set to distributed. A value of block is required. You will not be able to use the updatemem program to update the bitstream with new data for the design_ps_pl_i/PS_BRAM/axi_smc/inst/m01_nodes/m01_ar_node/inst/inst_mi_handler/gen_normal_area.inst_fifo_node_payld/gen_xpm_memory_fifo.inst_fifo/gen_mem_rep[0].inst_xpm_memory/xpm_memory_base_inst block.
INFO: [Memdata 28-167] Found XPM memory block design_ps_pl_i/PS_BRAM/axi_smc/inst/m00_nodes/m00_w_node/inst/inst_mi_handler/gen_normal_area.inst_fifo_node_payld/gen_xpm_memory_fifo.inst_fifo/gen_mem_rep[0].inst_xpm_memory/xpm_memory_base_inst with a P_MEMORY_PRIMITIVE property set to distributed. A value of block is required. You will not be able to use the updatemem program to update the bitstream with new data for the design_ps_pl_i/PS_BRAM/axi_smc/inst/m00_nodes/m00_w_node/inst/inst_mi_handler/gen_normal_area.inst_fifo_node_payld/gen_xpm_memory_fifo.inst_fifo/gen_mem_rep[0].inst_xpm_memory/xpm_memory_base_inst block.
INFO: [Memdata 28-167] Found XPM memory block design_ps_pl_i/PS_BRAM/axi_smc/inst/m00_nodes/m00_r_node/inst/inst_mi_handler/gen_normal_area.inst_fifo_node_payld/gen_xpm_memory_fifo.inst_fifo/gen_mem_rep[0].inst_xpm_memory/xpm_memory_base_inst with a P_MEMORY_PRIMITIVE property set to distributed. A value of block is required. You will not be able to use the updatemem program to update the bitstream with new data for the design_ps_pl_i/PS_BRAM/axi_smc/inst/m00_nodes/m00_r_node/inst/inst_mi_handler/gen_normal_area.inst_fifo_node_payld/gen_xpm_memory_fifo.inst_fifo/gen_mem_rep[0].inst_xpm_memory/xpm_memory_base_inst block.
INFO: [Memdata 28-167] Found XPM memory block design_ps_pl_i/PS_BRAM/axi_smc/inst/m00_nodes/m00_b_node/inst/inst_mi_handler/gen_normal_area.inst_fifo_node_payld/gen_xpm_memory_fifo.inst_fifo/gen_mem_rep[0].inst_xpm_memory/xpm_memory_base_inst with a P_MEMORY_PRIMITIVE property set to distributed. A value of block is required. You will not be able to use the updatemem program to update the bitstream with new data for the design_ps_pl_i/PS_BRAM/axi_smc/inst/m00_nodes/m00_b_node/inst/inst_mi_handler/gen_normal_area.inst_fifo_node_payld/gen_xpm_memory_fifo.inst_fifo/gen_mem_rep[0].inst_xpm_memory/xpm_memory_base_inst block.
INFO: [Memdata 28-167] Found XPM memory block design_ps_pl_i/PS_BRAM/axi_smc/inst/m00_nodes/m00_aw_node/inst/inst_mi_handler/gen_normal_area.inst_fifo_node_payld/gen_xpm_memory_fifo.inst_fifo/gen_mem_rep[0].inst_xpm_memory/xpm_memory_base_inst with a P_MEMORY_PRIMITIVE property set to distributed. A value of block is required. You will not be able to use the updatemem program to update the bitstream with new data for the design_ps_pl_i/PS_BRAM/axi_smc/inst/m00_nodes/m00_aw_node/inst/inst_mi_handler/gen_normal_area.inst_fifo_node_payld/gen_xpm_memory_fifo.inst_fifo/gen_mem_rep[0].inst_xpm_memory/xpm_memory_base_inst block.
INFO: [Memdata 28-167] Found XPM memory block design_ps_pl_i/PS_BRAM/axi_smc/inst/m00_nodes/m00_ar_node/inst/inst_mi_handler/gen_normal_area.inst_fifo_node_payld/gen_xpm_memory_fifo.inst_fifo/gen_mem_rep[0].inst_xpm_memory/xpm_memory_base_inst with a P_MEMORY_PRIMITIVE property set to distributed. A value of block is required. You will not be able to use the updatemem program to update the bitstream with new data for the design_ps_pl_i/PS_BRAM/axi_smc/inst/m00_nodes/m00_ar_node/inst/inst_mi_handler/gen_normal_area.inst_fifo_node_payld/gen_xpm_memory_fifo.inst_fifo/gen_mem_rep[0].inst_xpm_memory/xpm_memory_base_inst block.
Command: write_bitstream -force design_ps_pl_wrapper.bit
Attempting to get a license for feature 'Implementation' and/or device 'xc7z020'
INFO: [Common 17-349] Got license for feature 'Implementation' and/or device 'xc7z020'
Running DRC as a precondition to command write_bitstream
INFO: [IP_Flow 19-234] Refreshing IP repositories
INFO: [IP_Flow 19-1704] No user IP repositories specified
INFO: [IP_Flow 19-2313] Loaded Vivado IP repository '/home/mal/Xilinx/Vivado/2019.1/data/ip'.
INFO: [DRC 23-27] Running DRC with 4 threads
INFO: [Vivado 12-3199] DRC finished with 0 Errors
INFO: [Vivado 12-3200] Please refer to the DRC report (report_drc) for more information.
INFO: [Designutils 20-2272] Running write_bitstream with 4 threads.
Loading data files...
Loading site data...
Loading route data...
Processing options...
Creating bitmap...
Creating bitstream...
Writing bitstream ./design_ps_pl_wrapper.bit...
INFO: [Vivado 12-1842] Bitgen Completed Successfully.
INFO: [Project 1-120] WebTalk data collection is mandatory when using a WebPACK part without a full Vivado license. To see the specific WebTalk data collected for your design, open the usage_statistics_webtalk.html or usage_statistics_webtalk.xml file in the implementation directory.
INFO: [Common 17-186] '/home/mal/Workspace/Vivado/project_final/project_final.runs/impl_1/usage_statistics_webtalk.xml' has been successfully sent to Xilinx on Fri Feb  7 14:33:24 2020. For additional details about this file, please refer to the WebTalk help file at /home/mal/Xilinx/Vivado/2019.1/doc/webtalk_introduction.html.
INFO: [Common 17-83] Releasing license: Implementation
42 Infos, 0 Warnings, 0 Critical Warnings and 0 Errors encountered.
write_bitstream completed successfully
write_bitstream: Time (s): cpu = 00:00:25 ; elapsed = 00:00:31 . Memory (MB): peak = 2649.445 ; gain = 436.188 ; free physical = 4066 ; free virtual = 6985
INFO: [Common 17-206] Exiting Vivado at Fri Feb  7 14:33:25 2020...
