#-----------------------------------------------------------
# Webtalk v2019.1.3 (64-bit)
# SW Build 2644227 on Wed Sep  4 09:44:18 MDT 2019
# 
# Start of session at: Fri Feb  7 11:00:14 2020
# Process ID: 4867
# Current directory: /home/mal/Workspace/Vivado/project_final/project_final.sdk/webtalk
# Command line: wbtcv -mode batch -source sdk_webtalk.tcl
# Log file: /home/mal/Workspace/Vivado/project_final/project_final.sdk/webtalk/webtalk.log
# Journal file: /home/mal/Workspace/Vivado/project_final/project_final.sdk/webtalk/webtalk.jou
#-----------------------------------------------------------
source sdk_webtalk.tcl
# webtalk_init -webtalk_dir /home/mal/Workspace/Vivado/project_final/project_final.sdk/webtalk
# webtalk_register_client -client project
# webtalk_add_data -client project -key date_generated -value "2020-02-07 11:00:12" -context "software_version_and_target_device"
# webtalk_add_data -client project -key product_version -value "SDK v2019.1" -context "software_version_and_target_device"
# webtalk_add_data -client project -key build_version -value "2019.1" -context "software_version_and_target_device"
# webtalk_add_data -client project -key os_platform -value "amd64" -context "software_version_and_target_device"
# webtalk_add_data -client project -key registration_id -value "" -context "software_version_and_target_device"
# webtalk_add_data -client project -key tool_flow -value "SDK" -context "software_version_and_target_device"
# webtalk_add_data -client project -key beta -value "false" -context "software_version_and_target_device"
# webtalk_add_data -client project -key route_design -value "NA" -context "software_version_and_target_device"
# webtalk_add_data -client project -key target_family -value "NA" -context "software_version_and_target_device"
# webtalk_add_data -client project -key target_device -value "NA" -context "software_version_and_target_device"
# webtalk_add_data -client project -key target_package -value "NA" -context "software_version_and_target_device"
# webtalk_add_data -client project -key target_speed -value "NA" -context "software_version_and_target_device"
# webtalk_add_data -client project -key random_id -value "59qgspa0ah079mb2qcsnjo1155" -context "software_version_and_target_device"
# webtalk_add_data -client project -key project_id -value "2019.1_9" -context "software_version_and_target_device"
# webtalk_add_data -client project -key project_iteration -value "9" -context "software_version_and_target_device"
# webtalk_add_data -client project -key os_name -value "Ubuntu" -context "user_environment"
# webtalk_add_data -client project -key os_release -value "Ubuntu 18.04.4 LTS" -context "user_environment"
# webtalk_add_data -client project -key cpu_name -value "Intel(R) Core(TM) i5-6200U CPU @ 2.30GHz" -context "user_environment"
# webtalk_add_data -client project -key cpu_speed -value "2700.378 MHz" -context "user_environment"
# webtalk_add_data -client project -key total_processors -value "1" -context "user_environment"
# webtalk_add_data -client project -key system_ram -value "8.220 GB" -context "user_environment"
# webtalk_register_client -client sdk
# webtalk_add_data -client sdk -key uid -value "1581069249000" -context "sdk\\\\hardware/1581069249000"
# webtalk_add_data -client sdk -key isZynq -value "true" -context "sdk\\\\hardware/1581069249000"
# webtalk_add_data -client sdk -key isZynqMP -value "false" -context "sdk\\\\hardware/1581069249000"
# webtalk_add_data -client sdk -key Processors -value "2" -context "sdk\\\\hardware/1581069249000"
# webtalk_add_data -client sdk -key VivadoVersion -value "2019.1.3" -context "sdk\\\\hardware/1581069249000"
# webtalk_add_data -client sdk -key Arch -value "zynq" -context "sdk\\\\hardware/1581069249000"
# webtalk_add_data -client sdk -key Device -value "7z020" -context "sdk\\\\hardware/1581069249000"
# webtalk_add_data -client sdk -key IsHandoff -value "true" -context "sdk\\\\hardware/1581069249000"
# webtalk_add_data -client sdk -key os -value "NA" -context "sdk\\\\hardware/1581069249000"
# webtalk_add_data -client sdk -key apptemplate -value "NA" -context "sdk\\\\hardware/1581069249000"
# webtalk_add_data -client sdk -key RecordType -value "HWCreation" -context "sdk\\\\hardware/1581069249000"
# webtalk_add_data -client sdk -key uid -value "NA" -context "sdk\\\\bsp/1581069612397"
# webtalk_add_data -client sdk -key RecordType -value "ToolUsage" -context "sdk\\\\bsp/1581069612397"
# webtalk_add_data -client sdk -key BootgenCount -value "0" -context "sdk\\\\bsp/1581069612397"
# webtalk_add_data -client sdk -key DebugCount -value "0" -context "sdk\\\\bsp/1581069612397"
# webtalk_add_data -client sdk -key PerfCount -value "0" -context "sdk\\\\bsp/1581069612397"
# webtalk_add_data -client sdk -key FlashCount -value "0" -context "sdk\\\\bsp/1581069612397"
# webtalk_add_data -client sdk -key CrossTriggCount -value "0" -context "sdk\\\\bsp/1581069612397"
# webtalk_add_data -client sdk -key QemuDebugCount -value "0" -context "sdk\\\\bsp/1581069612397"
# webtalk_transmit -clientid 1139974180 -regid "" -xml /home/mal/Workspace/Vivado/project_final/project_final.sdk/webtalk/usage_statistics_ext_sdk.xml -html /home/mal/Workspace/Vivado/project_final/project_final.sdk/webtalk/usage_statistics_ext_sdk.html -wdm /home/mal/Workspace/Vivado/project_final/project_final.sdk/webtalk/sdk_webtalk.wdm -intro "<H3>SDK Usage Report</H3><BR>"
# webtalk_terminate
INFO: [Common 17-206] Exiting Webtalk at Fri Feb  7 11:00:14 2020...
